Unity Editor version:    2022.3.16f1 (d2c21f0ef2f1)
Branch:                  2022.3/staging
Build type:              Release
Batch mode:              YES
macOS version:           Version 13.4.1 (c) (Build 22F770820d)
Darwin version:          22.5.0
Architecture:            arm64
Running under Rosetta:   NO
Available memory:        16384 MB
Using pre-set license
Pro License: YES

COMMAND LINE ARGUMENTS:
/Applications/Unity/Hub/Editor/2022.3.16f1/Unity.app/Contents/MacOS/Unity
-adb2
-batchMode
-noUpm
-name
AssetImportWorker0
-projectPath
/Users/Kara/Escape-The-Cave-of-Wonders/EscapeTheCaveOfWonders
-logFile
Logs/AssetImportWorker0.log
-srvPort
50343
Successfully changed project path to: /Users/Kara/Escape-The-Cave-of-Wonders/EscapeTheCaveOfWonders
/Users/Kara/Escape-The-Cave-of-Wonders/EscapeTheCaveOfWonders
[UnityMemory] Configuration Parameters - Can be set up in boot.config
    "memorysetup-bucket-allocator-granularity=16"
    "memorysetup-bucket-allocator-bucket-count=8"
    "memorysetup-bucket-allocator-block-size=33554432"
    "memorysetup-bucket-allocator-block-count=8"
    "memorysetup-main-allocator-block-size=16777216"
    "memorysetup-thread-allocator-block-size=16777216"
    "memorysetup-gfx-main-allocator-block-size=16777216"
    "memorysetup-gfx-thread-allocator-block-size=16777216"
    "memorysetup-cache-allocator-block-size=4194304"
    "memorysetup-typetree-allocator-block-size=2097152"
    "memorysetup-profiler-bucket-allocator-granularity=16"
    "memorysetup-profiler-bucket-allocator-bucket-count=8"
    "memorysetup-profiler-bucket-allocator-block-size=33554432"
    "memorysetup-profiler-bucket-allocator-block-count=8"
    "memorysetup-profiler-allocator-block-size=16777216"
    "memorysetup-profiler-editor-allocator-block-size=1048576"
    "memorysetup-temp-allocator-size-main=16777216"
    "memorysetup-job-temp-allocator-block-size=2097152"
    "memorysetup-job-temp-allocator-block-size-background=1048576"
    "memorysetup-job-temp-allocator-reduction-small-platforms=262144"
    "memorysetup-allocator-temp-initial-block-size-main=262144"
    "memorysetup-allocator-temp-initial-block-size-worker=262144"
    "memorysetup-temp-allocator-size-background-worker=32768"
    "memorysetup-temp-allocator-size-job-worker=262144"
    "memorysetup-temp-allocator-size-preload-manager=33554432"
    "memorysetup-temp-allocator-size-nav-mesh-worker=65536"
    "memorysetup-temp-allocator-size-audio-worker=65536"
    "memorysetup-temp-allocator-size-cloud-worker=32768"
    "memorysetup-temp-allocator-size-gi-baking-worker=262144"
    "memorysetup-temp-allocator-size-gfx=262144"
Player connection [7983865344] Host "[IP] 172.31.227.94 [Port] 0 [Flags] 2 [Guid] 1388361318 [EditorId] 1388361318 [Version] 1048832 [Id] OSXEditor(0,MacBook-Pro-247.local) [Debug] 1 [PackageName] OSXEditor [ProjectName] Editor" joined multi-casting on [225.0.0.222:54997]...

Player connection [7983865344] Host "[IP] 172.31.227.94 [Port] 0 [Flags] 2 [Guid] 1388361318 [EditorId] 1388361318 [Version] 1048832 [Id] OSXEditor(0,MacBook-Pro-247.local) [Debug] 1 [PackageName] OSXEditor [ProjectName] Editor" joined alternative multi-casting on [225.0.0.222:34997]...

[Physics::Module] Initialized MultithreadedJobDispatcher with 9 workers.
Refreshing native plugins compatible for Editor in 15.96 ms, found 3 plugins.
Preloading 0 native plugins for Editor in 0.00 ms.
Initialize engine version: 2022.3.16f1 (d2c21f0ef2f1)
[Subsystems] Discovering subsystems at path /Applications/Unity/Hub/Editor/2022.3.16f1/Unity.app/Contents/Resources/UnitySubsystems
[Subsystems] Discovering subsystems at path /Users/Kara/Escape-The-Cave-of-Wonders/EscapeTheCaveOfWonders/Assets
GfxDevice: creating device client; threaded=0; jobified=0
 preferred device: Apple M1 Pro (high power)
Metal devices available: 1
0: Apple M1 Pro (high power)
Using device Apple M1 Pro (high power)
Initializing Metal device caps: Apple M1 Pro
Initialize mono
Mono path[0] = '/Applications/Unity/Hub/Editor/2022.3.16f1/Unity.app/Contents/Managed'
Mono path[1] = '/Applications/Unity/Hub/Editor/2022.3.16f1/Unity.app/Contents/MonoBleedingEdge/lib/mono/unityjit-macos'
Mono config path = '/Applications/Unity/Hub/Editor/2022.3.16f1/Unity.app/Contents/MonoBleedingEdge/etc'
Using monoOptions --debugger-agent=transport=dt_socket,embedding=1,server=y,suspend=n,address=127.0.0.1:56761
Begin MonoManager ReloadAssembly
Registering precompiled unity dll's ...
Register platform support module: /Applications/Unity/Hub/Editor/2022.3.16f1/Unity.app/Contents/PlaybackEngines/MacStandaloneSupport/UnityEditor.OSXStandalone.Extensions.dll
Registered in 0.002186 seconds.
- Loaded All Assemblies, in  0.248 seconds
Native extension for OSXStandalone target not found
Mono: successfully reloaded assembly
- Finished resetting the current domain, in  0.169 seconds
Domain Reload Profiling: 417ms
	BeginReloadAssembly (84ms)
		ExecutionOrderSort (0ms)
		DisableScriptedObjects (0ms)
		BackupInstance (0ms)
		ReleaseScriptingObjects (0ms)
		CreateAndSetChildDomain (0ms)
	RebuildCommonClasses (24ms)
	RebuildNativeTypeToScriptingClass (8ms)
	initialDomainReloadingComplete (33ms)
	LoadAllAssembliesAndSetupDomain (99ms)
		LoadAssemblies (84ms)
		RebuildTransferFunctionScriptingTraits (0ms)
		AnalyzeDomain (97ms)
			TypeCache.Refresh (96ms)
				TypeCache.ScanAssembly (87ms)
			ScanForSourceGeneratedMonoScriptInfo (0ms)
			ResolveRequiredComponents (0ms)
	FinalizeReload (170ms)
		ReleaseScriptCaches (0ms)
		RebuildScriptCaches (0ms)
		SetupLoadedEditorAssemblies (131ms)
			LogAssemblyErrors (0ms)
			InitializePlatformSupportModulesInManaged (7ms)
			SetLoadedEditorAssemblies (5ms)
			RefreshPlugins (0ms)
			BeforeProcessingInitializeOnLoad (1ms)
			ProcessInitializeOnLoadAttributes (91ms)
			ProcessInitializeOnLoadMethodAttributes (26ms)
			AfterProcessingInitializeOnLoad (0ms)
			EditorAssembliesLoaded (0ms)
		ExecutionOrderSort2 (0ms)
		AwakeInstancesAfterBackupRestoration (0ms)
========================================================================
Worker process is ready to serve import requests
Begin MonoManager ReloadAssembly
- Loaded All Assemblies, in  0.453 seconds
Refreshing native plugins compatible for Editor in 1.27 ms, found 3 plugins.
Native extension for OSXStandalone target not found
Package Manager log level set to [2]
[Package Manager] Server::EnsureServerProcessIsRunning -- launch failed, reason: Unity was launched with the -noUpm command-line argument
[Package Manager] UpmClient::Send -- Unable to send message (not connected to UPM process).
[Package Manager] Cannot connect to Unity Package Manager local server
Mono: successfully reloaded assembly
- Finished resetting the current domain, in  0.395 seconds
Domain Reload Profiling: 848ms
	BeginReloadAssembly (84ms)
		ExecutionOrderSort (0ms)
		DisableScriptedObjects (4ms)
		BackupInstance (0ms)
		ReleaseScriptingObjects (0ms)
		CreateAndSetChildDomain (17ms)
	RebuildCommonClasses (24ms)
	RebuildNativeTypeToScriptingClass (8ms)
	initialDomainReloadingComplete (24ms)
	LoadAllAssembliesAndSetupDomain (312ms)
		LoadAssemblies (231ms)
		RebuildTransferFunctionScriptingTraits (0ms)
		AnalyzeDomain (121ms)
			TypeCache.Refresh (105ms)
				TypeCache.ScanAssembly (91ms)
			ScanForSourceGeneratedMonoScriptInfo (12ms)
			ResolveRequiredComponents (3ms)
	FinalizeReload (395ms)
		ReleaseScriptCaches (0ms)
		RebuildScriptCaches (0ms)
		SetupLoadedEditorAssemblies (284ms)
			LogAssemblyErrors (0ms)
			InitializePlatformSupportModulesInManaged (3ms)
			SetLoadedEditorAssemblies (4ms)
			RefreshPlugins (0ms)
			BeforeProcessingInitializeOnLoad (41ms)
			ProcessInitializeOnLoadAttributes (214ms)
			ProcessInitializeOnLoadMethodAttributes (21ms)
			AfterProcessingInitializeOnLoad (1ms)
			EditorAssembliesLoaded (0ms)
		ExecutionOrderSort2 (0ms)
		AwakeInstancesAfterBackupRestoration (2ms)
Launching external process: /Applications/Unity/Hub/Editor/2022.3.16f1/Unity.app/Contents/Tools/UnityShaderCompiler
Launched and connected shader compiler UnityShaderCompiler after 0.05 seconds
Refreshing native plugins compatible for Editor in 1.77 ms, found 3 plugins.
Preloading 0 native plugins for Editor in 0.00 ms.
Unloading 4090 Unused Serialized files (Serialized files now loaded: 0)
Unloading 64 unused Assets / (55.3 KB). Loaded Objects now: 4553.
Memory consumption went from 155.5 MB to 155.4 MB.
Total: 2.977458 ms (FindLiveObjects: 0.145542 ms CreateObjectMapping: 0.098833 ms MarkObjects: 2.616875 ms  DeleteObjects: 0.115417 ms)

AssetImportParameters requested are different than current active one (requested -> active):
  custom:container-demuxer-ogg: 62fdf1f143b41e24485cea50d1cbac27 -> 
  custom:video-decoder-ogg-theora: a1e56fd34408186e4bbccfd4996cb3dc -> 
  custom:CustomObjectIndexerAttribute: 43b350a4d6e6d1791af0b5038c4bea17 -> 
  custom:container-demuxer-webm: 4f35f7cbe854078d1ac9338744f61a02 -> 
  custom:container-muxer-webm: aa71ff27fc2769a1b78a27578f13a17b -> 
  custom:video-decoder-webm-vp8: 9c59270c3fd7afecdb556c50c9e8de78 -> 
  custom:SearchIndexIgnoredProperties: e643bd26f0fe6173181afceb89e7c659 -> 
  custom:AudioImporter_EditorPlatform: 3918e3fc78b5a79bad01e8451be0beb8 -> 
  custom:framework-osx-AVFoundation: e770b220cccbd017edd2c1fefb359320 -> 
  custom:video-encoder-webm-vp8: eb34c28f22e8b96e1ab97ce403110664 -> 
  custom:audio-decoder-ogg-vorbis: bf7c407c2cedff20999df2af8eb42d56 -> 
  custom:audio-encoder-webm-vorbis: bf7c407c2cedff20999df2af8eb42d56 -> 
========================================================================
Received Import Request.
  Time since last request: 292094.386477 seconds.
  path: Assets/Sprites/Background/sundial
  artifactKey: Guid(260cdf3b129d84f3cb674e1e02ec4ab7) Importer(815301076,1909f56bfc062723c751e8b465ee728b)
Start importing Assets/Sprites/Background/sundial using Guid(260cdf3b129d84f3cb674e1e02ec4ab7) Importer(815301076,1909f56bfc062723c751e8b465ee728b)  -> (artifact id: '4c0f1bc059973a3c29809bab08cd72ae') in 0.001621 seconds
Number of updated asset objects reloaded before import = 0
Number of asset objects unloaded after import = 0
========================================================================
Received Import Request.
  Time since last request: 1.228845 seconds.
  path: Assets/Sprites/Background/sundial/Sundial.png
  artifactKey: Guid(f7f438335f5a542ca87ec42fb6a657b0) Importer(815301076,1909f56bfc062723c751e8b465ee728b)
Start importing Assets/Sprites/Background/sundial/Sundial.png using Guid(f7f438335f5a542ca87ec42fb6a657b0) Importer(815301076,1909f56bfc062723c751e8b465ee728b)  -> (artifact id: '0f2df01b1f05b40c3c50c9717453b300') in 0.055924 seconds
Number of updated asset objects reloaded before import = 0
Number of asset objects unloaded after import = 3
========================================================================
Received Import Request.
  Time since last request: 25.094511 seconds.
  path: Assets/Sprites/Background/sundial/Sundial.png
  artifactKey: Guid(f7f438335f5a542ca87ec42fb6a657b0) Importer(815301076,1909f56bfc062723c751e8b465ee728b)
Start importing Assets/Sprites/Background/sundial/Sundial.png using Guid(f7f438335f5a542ca87ec42fb6a657b0) Importer(815301076,1909f56bfc062723c751e8b465ee728b)  -> (artifact id: '90696acb073097b68a2e8f47bdcc0b15') in 0.005665 seconds
Number of updated asset objects reloaded before import = 0
Number of asset objects unloaded after import = 2
========================================================================
Received Import Request.
  Time since last request: 18.440894 seconds.
  path: Assets/Sprites/Background/sundial/Sundial.png
  artifactKey: Guid(f7f438335f5a542ca87ec42fb6a657b0) Importer(815301076,1909f56bfc062723c751e8b465ee728b)
Start importing Assets/Sprites/Background/sundial/Sundial.png using Guid(f7f438335f5a542ca87ec42fb6a657b0) Importer(815301076,1909f56bfc062723c751e8b465ee728b)  -> (artifact id: 'fcdde2b2fc89e8174f7227bbbdb72899') in 0.033688 seconds
Number of updated asset objects reloaded before import = 0
Number of asset objects unloaded after import = 18
========================================================================
Received Import Request.
  Time since last request: 14.110135 seconds.
  path: Assets/Sprites/Background/sundial/Sundial_0.asset
  artifactKey: Guid(6bbfd02353e1847cb8ae5c1db8d2c247) Importer(815301076,1909f56bfc062723c751e8b465ee728b)
Start importing Assets/Sprites/Background/sundial/Sundial_0.asset using Guid(6bbfd02353e1847cb8ae5c1db8d2c247) Importer(815301076,1909f56bfc062723c751e8b465ee728b)  -> (artifact id: 'b4e21f1dd99e10da3fab52b0fb5968e2') in 0.018205 seconds
Number of updated asset objects reloaded before import = 0
Number of asset objects unloaded after import = 3
========================================================================
Received Import Request.
  Time since last request: 0.000106 seconds.
  path: Assets/Sprites/Background/sundial/Sundial_14.asset
  artifactKey: Guid(d5fa0a8d53e9d421a9715f47136519d4) Importer(815301076,1909f56bfc062723c751e8b465ee728b)
Start importing Assets/Sprites/Background/sundial/Sundial_14.asset using Guid(d5fa0a8d53e9d421a9715f47136519d4) Importer(815301076,1909f56bfc062723c751e8b465ee728b)  -> (artifact id: 'ccf4cc41044cffacd02470464266440b') in 0.004604 seconds
Number of updated asset objects reloaded before import = 0
Number of asset objects unloaded after import = 3
========================================================================
Received Import Request.
  Time since last request: 0.000327 seconds.
  path: Assets/Sprites/Background/sundial/Sundial_6.asset
  artifactKey: Guid(4f70dfa9ba1bc4ddd994341611b928fd) Importer(815301076,1909f56bfc062723c751e8b465ee728b)
Start importing Assets/Sprites/Background/sundial/Sundial_6.asset using Guid(4f70dfa9ba1bc4ddd994341611b928fd) Importer(815301076,1909f56bfc062723c751e8b465ee728b)  -> (artifact id: 'fbbfee73f52c018eaf2fc5c682a4a7f5') in 0.003667 seconds
Number of updated asset objects reloaded before import = 0
Number of asset objects unloaded after import = 3
========================================================================
Received Import Request.
  Time since last request: 0.001658 seconds.
  path: Assets/Sprites/Background/sundial/Sundial_7.asset
  artifactKey: Guid(c7a7030d06e8647a5ab79d9cf4e3498c) Importer(815301076,1909f56bfc062723c751e8b465ee728b)
Start importing Assets/Sprites/Background/sundial/Sundial_7.asset using Guid(c7a7030d06e8647a5ab79d9cf4e3498c) Importer(815301076,1909f56bfc062723c751e8b465ee728b)  -> (artifact id: '07f2854f5dbef952b78205c33d778245') in 0.004430 seconds
Number of updated asset objects reloaded before import = 0
Number of asset objects unloaded after import = 3
========================================================================
Received Import Request.
  Time since last request: 0.000109 seconds.
  path: Assets/Sprites/Background/sundial/Sundial_8.asset
  artifactKey: Guid(0002b0493d0d04e56b2a19a88ef300aa) Importer(815301076,1909f56bfc062723c751e8b465ee728b)
Start importing Assets/Sprites/Background/sundial/Sundial_8.asset using Guid(0002b0493d0d04e56b2a19a88ef300aa) Importer(815301076,1909f56bfc062723c751e8b465ee728b)  -> (artifact id: '2d3c657428f93113bb5810417e582abb') in 0.003687 seconds
Number of updated asset objects reloaded before import = 0
Number of asset objects unloaded after import = 3
========================================================================
Received Import Request.
  Time since last request: 0.000053 seconds.
  path: Assets/Sprites/Background/sundial/Sundial_9.asset
  artifactKey: Guid(a832969af5b094be98a74549e5e97937) Importer(815301076,1909f56bfc062723c751e8b465ee728b)
Start importing Assets/Sprites/Background/sundial/Sundial_9.asset using Guid(a832969af5b094be98a74549e5e97937) Importer(815301076,1909f56bfc062723c751e8b465ee728b)  -> (artifact id: '302f7cb4bda58a212ac5850b9359f4f3') in 0.003130 seconds
Number of updated asset objects reloaded before import = 0
Number of asset objects unloaded after import = 3
========================================================================
Received Import Request.
  Time since last request: 0.000050 seconds.
  path: Assets/Sprites/Background/sundial/Sundial_13.asset
  artifactKey: Guid(b2141ed1cd0ae4709bb84a2f2f9ccafb) Importer(815301076,1909f56bfc062723c751e8b465ee728b)
Start importing Assets/Sprites/Background/sundial/Sundial_13.asset using Guid(b2141ed1cd0ae4709bb84a2f2f9ccafb) Importer(815301076,1909f56bfc062723c751e8b465ee728b)  -> (artifact id: 'e2e66d589484889c9a960da1d6a4a71e') in 0.003561 seconds
Number of updated asset objects reloaded before import = 0
Number of asset objects unloaded after import = 3
========================================================================
Received Import Request.
  Time since last request: 0.000036 seconds.
  path: Assets/Sprites/Background/sundial/Sundial_3.asset
  artifactKey: Guid(e15bda79a6e9e46d2a30f3df226eac6a) Importer(815301076,1909f56bfc062723c751e8b465ee728b)
Start importing Assets/Sprites/Background/sundial/Sundial_3.asset using Guid(e15bda79a6e9e46d2a30f3df226eac6a) Importer(815301076,1909f56bfc062723c751e8b465ee728b)  -> (artifact id: 'd3573e45ec738e45be5bb55be02612ea') in 0.003543 seconds
Number of updated asset objects reloaded before import = 0
Number of asset objects unloaded after import = 3
========================================================================
Received Import Request.
  Time since last request: 0.000502 seconds.
  path: Assets/Sprites/Background/sundial/Sundial_10.asset
  artifactKey: Guid(ff95208cfd0bf4a87a92a1ff533ad9ff) Importer(815301076,1909f56bfc062723c751e8b465ee728b)
Start importing Assets/Sprites/Background/sundial/Sundial_10.asset using Guid(ff95208cfd0bf4a87a92a1ff533ad9ff) Importer(815301076,1909f56bfc062723c751e8b465ee728b)  -> (artifact id: 'fd62ba80fe92ae445fa8e85e5f06837a') in 0.002870 seconds
Number of updated asset objects reloaded before import = 0
Number of asset objects unloaded after import = 3
========================================================================
Received Import Request.
  Time since last request: 0.000034 seconds.
  path: Assets/Sprites/Background/sundial/Sundial_2.asset
  artifactKey: Guid(6d550e644cdf843abb7dc97cd714bdd4) Importer(815301076,1909f56bfc062723c751e8b465ee728b)
Start importing Assets/Sprites/Background/sundial/Sundial_2.asset using Guid(6d550e644cdf843abb7dc97cd714bdd4) Importer(815301076,1909f56bfc062723c751e8b465ee728b)  -> (artifact id: '6d56f695555663118f5ea3a7437115cb') in 0.002907 seconds
Number of updated asset objects reloaded before import = 0
Number of asset objects unloaded after import = 3
========================================================================
Received Import Request.
  Time since last request: 0.000032 seconds.
  path: Assets/Sprites/Background/sundial/Sundial_11.asset
  artifactKey: Guid(868f35c07706c43ddbab3b1a1ccca7de) Importer(815301076,1909f56bfc062723c751e8b465ee728b)
Start importing Assets/Sprites/Background/sundial/Sundial_11.asset using Guid(868f35c07706c43ddbab3b1a1ccca7de) Importer(815301076,1909f56bfc062723c751e8b465ee728b)  -> (artifact id: '7d98e8b76e20e7ffec99c2a9dc3c3569') in 0.002718 seconds
Number of updated asset objects reloaded before import = 0
Number of asset objects unloaded after import = 3
========================================================================
Received Import Request.
  Time since last request: 0.000041 seconds.
  path: Assets/Sprites/Background/sundial/Sundial_5.asset
  artifactKey: Guid(73ae8e5fb51c34878b65dacd632264ea) Importer(815301076,1909f56bfc062723c751e8b465ee728b)
Start importing Assets/Sprites/Background/sundial/Sundial_5.asset using Guid(73ae8e5fb51c34878b65dacd632264ea) Importer(815301076,1909f56bfc062723c751e8b465ee728b)  -> (artifact id: '9195730f273b5472d88d47f97fd81393') in 0.002242 seconds
Number of updated asset objects reloaded before import = 0
Number of asset objects unloaded after import = 3
========================================================================
Received Import Request.
  Time since last request: 0.000065 seconds.
  path: Assets/Sprites/Background/sundial/Sundial_12.asset
  artifactKey: Guid(824d83224427c49039e4f78d88780d6d) Importer(815301076,1909f56bfc062723c751e8b465ee728b)
Start importing Assets/Sprites/Background/sundial/Sundial_12.asset using Guid(824d83224427c49039e4f78d88780d6d) Importer(815301076,1909f56bfc062723c751e8b465ee728b)  -> (artifact id: 'a5ceea79ea0a63f272cabca047d46804') in 0.003017 seconds
Number of updated asset objects reloaded before import = 0
Number of asset objects unloaded after import = 3
========================================================================
Received Import Request.
  Time since last request: 45.797024 seconds.
  path: Assets/Sprites/Background/Background tile.prefab
  artifactKey: Guid(33241def51bf743d2a16223d5da54068) Importer(815301076,1909f56bfc062723c751e8b465ee728b)
Start importing Assets/Sprites/Background/Background tile.prefab using Guid(33241def51bf743d2a16223d5da54068) Importer(815301076,1909f56bfc062723c751e8b465ee728b)  -> (artifact id: '7a22ccf32544c72c2637b179d5e60863') in 0.090596 seconds
Number of updated asset objects reloaded before import = 0
Number of asset objects unloaded after import = 382
