Unity Editor version:    2022.3.16f1 (d2c21f0ef2f1)
Branch:                  2022.3/staging
Build type:              Release
Batch mode:              YES
macOS version:           Version 13.3.1 (Build 22E261)
Darwin version:          22.4.0
Architecture:            arm64
Running under Rosetta:   NO
Available memory:        16384 MB
Using pre-set license
Pro License: YES

COMMAND LINE ARGUMENTS:
/Applications/Unity/Hub/Editor/2022.3.16f1/Unity.app/Contents/MacOS/Unity
-adb2
-batchMode
-noUpm
-name
AssetImportWorker0
-projectPath
/Users/tiffanynguyen/Escape-The-Cave-of-Wonders/EscapeTheCaveOfWonders
-logFile
Logs/AssetImportWorker0.log
-srvPort
53376
Successfully changed project path to: /Users/tiffanynguyen/Escape-The-Cave-of-Wonders/EscapeTheCaveOfWonders
/Users/tiffanynguyen/Escape-The-Cave-of-Wonders/EscapeTheCaveOfWonders
[UnityMemory] Configuration Parameters - Can be set up in boot.config
    "memorysetup-bucket-allocator-granularity=16"
    "memorysetup-bucket-allocator-bucket-count=8"
    "memorysetup-bucket-allocator-block-size=33554432"
    "memorysetup-bucket-allocator-block-count=8"
    "memorysetup-main-allocator-block-size=16777216"
    "memorysetup-thread-allocator-block-size=16777216"
    "memorysetup-gfx-main-allocator-block-size=16777216"
    "memorysetup-gfx-thread-allocator-block-size=16777216"
    "memorysetup-cache-allocator-block-size=4194304"
    "memorysetup-typetree-allocator-block-size=2097152"
    "memorysetup-profiler-bucket-allocator-granularity=16"
    "memorysetup-profiler-bucket-allocator-bucket-count=8"
    "memorysetup-profiler-bucket-allocator-block-size=33554432"
    "memorysetup-profiler-bucket-allocator-block-count=8"
    "memorysetup-profiler-allocator-block-size=16777216"
    "memorysetup-profiler-editor-allocator-block-size=1048576"
    "memorysetup-temp-allocator-size-main=16777216"
    "memorysetup-job-temp-allocator-block-size=2097152"
    "memorysetup-job-temp-allocator-block-size-background=1048576"
    "memorysetup-job-temp-allocator-reduction-small-platforms=262144"
    "memorysetup-allocator-temp-initial-block-size-main=262144"
    "memorysetup-allocator-temp-initial-block-size-worker=262144"
    "memorysetup-temp-allocator-size-background-worker=32768"
    "memorysetup-temp-allocator-size-job-worker=262144"
    "memorysetup-temp-allocator-size-preload-manager=33554432"
    "memorysetup-temp-allocator-size-nav-mesh-worker=65536"
    "memorysetup-temp-allocator-size-audio-worker=65536"
    "memorysetup-temp-allocator-size-cloud-worker=32768"
    "memorysetup-temp-allocator-size-gi-baking-worker=262144"
    "memorysetup-temp-allocator-size-gfx=262144"
Player connection [8434457408] Host "[IP] 172.31.181.212 [Port] 0 [Flags] 2 [Guid] 1611871602 [EditorId] 1611871602 [Version] 1048832 [Id] OSXEditor(0,Tiffany-Nguyen-MacBook-2.local) [Debug] 1 [PackageName] OSXEditor [ProjectName] Editor" joined multi-casting on [225.0.0.222:54997]...

Player connection [8434457408] Host "[IP] 172.31.181.212 [Port] 0 [Flags] 2 [Guid] 1611871602 [EditorId] 1611871602 [Version] 1048832 [Id] OSXEditor(0,Tiffany-Nguyen-MacBook-2.local) [Debug] 1 [PackageName] OSXEditor [ProjectName] Editor" joined alternative multi-casting on [225.0.0.222:34997]...

[Physics::Module] Initialized MultithreadedJobDispatcher with 7 workers.
Refreshing native plugins compatible for Editor in 18.56 ms, found 3 plugins.
Preloading 0 native plugins for Editor in 0.00 ms.
Initialize engine version: 2022.3.16f1 (d2c21f0ef2f1)
[Subsystems] Discovering subsystems at path /Applications/Unity/Hub/Editor/2022.3.16f1/Unity.app/Contents/Resources/UnitySubsystems
[Subsystems] Discovering subsystems at path /Users/tiffanynguyen/Escape-The-Cave-of-Wonders/EscapeTheCaveOfWonders/Assets
GfxDevice: creating device client; threaded=0; jobified=0
 preferred device: Apple M1 Pro (high power)
Metal devices available: 1
0: Apple M1 Pro (high power)
Using device Apple M1 Pro (high power)
Initializing Metal device caps: Apple M1 Pro
Initialize mono
Mono path[0] = '/Applications/Unity/Hub/Editor/2022.3.16f1/Unity.app/Contents/Managed'
Mono path[1] = '/Applications/Unity/Hub/Editor/2022.3.16f1/Unity.app/Contents/MonoBleedingEdge/lib/mono/unityjit-macos'
Mono config path = '/Applications/Unity/Hub/Editor/2022.3.16f1/Unity.app/Contents/MonoBleedingEdge/etc'
Using monoOptions --debugger-agent=transport=dt_socket,embedding=1,server=y,suspend=n,address=127.0.0.1:56499
Begin MonoManager ReloadAssembly
Registering precompiled unity dll's ...
Register platform support module: /Applications/Unity/Hub/Editor/2022.3.16f1/PlaybackEngines/WebGLSupport/UnityEditor.WebGL.Extensions.dll
Register platform support module: /Applications/Unity/Hub/Editor/2022.3.16f1/Unity.app/Contents/PlaybackEngines/MacStandaloneSupport/UnityEditor.OSXStandalone.Extensions.dll
Registered in 0.003618 seconds.
- Loaded All Assemblies, in  0.247 seconds
Native extension for OSXStandalone target not found
Native extension for WebGL target not found
Mono: successfully reloaded assembly
- Finished resetting the current domain, in  0.170 seconds
Domain Reload Profiling: 417ms
	BeginReloadAssembly (73ms)
		ExecutionOrderSort (0ms)
		DisableScriptedObjects (0ms)
		BackupInstance (0ms)
		ReleaseScriptingObjects (0ms)
		CreateAndSetChildDomain (0ms)
	RebuildCommonClasses (25ms)
	RebuildNativeTypeToScriptingClass (8ms)
	initialDomainReloadingComplete (35ms)
	LoadAllAssembliesAndSetupDomain (105ms)
		LoadAssemblies (73ms)
		RebuildTransferFunctionScriptingTraits (0ms)
		AnalyzeDomain (103ms)
			TypeCache.Refresh (102ms)
				TypeCache.ScanAssembly (92ms)
			ScanForSourceGeneratedMonoScriptInfo (0ms)
			ResolveRequiredComponents (0ms)
	FinalizeReload (171ms)
		ReleaseScriptCaches (0ms)
		RebuildScriptCaches (0ms)
		SetupLoadedEditorAssemblies (131ms)
			LogAssemblyErrors (0ms)
			InitializePlatformSupportModulesInManaged (5ms)
			SetLoadedEditorAssemblies (4ms)
			RefreshPlugins (0ms)
			BeforeProcessingInitializeOnLoad (1ms)
			ProcessInitializeOnLoadAttributes (93ms)
			ProcessInitializeOnLoadMethodAttributes (28ms)
			AfterProcessingInitializeOnLoad (0ms)
			EditorAssembliesLoaded (0ms)
		ExecutionOrderSort2 (0ms)
		AwakeInstancesAfterBackupRestoration (0ms)
========================================================================
Worker process is ready to serve import requests
Begin MonoManager ReloadAssembly
- Loaded All Assemblies, in  0.493 seconds
Refreshing native plugins compatible for Editor in 1.39 ms, found 3 plugins.
Native extension for OSXStandalone target not found
Native extension for WebGL target not found
Package Manager log level set to [2]
[Package Manager] Server::EnsureServerProcessIsRunning -- launch failed, reason: Unity was launched with the -noUpm command-line argument
[Package Manager] UpmClient::Send -- Unable to send message (not connected to UPM process).
[Package Manager] Cannot connect to Unity Package Manager local server
Mono: successfully reloaded assembly
- Finished resetting the current domain, in  0.396 seconds
Domain Reload Profiling: 889ms
	BeginReloadAssembly (97ms)
		ExecutionOrderSort (0ms)
		DisableScriptedObjects (3ms)
		BackupInstance (0ms)
		ReleaseScriptingObjects (0ms)
		CreateAndSetChildDomain (27ms)
	RebuildCommonClasses (27ms)
	RebuildNativeTypeToScriptingClass (9ms)
	initialDomainReloadingComplete (27ms)
	LoadAllAssembliesAndSetupDomain (332ms)
		LoadAssemblies (252ms)
		RebuildTransferFunctionScriptingTraits (0ms)
		AnalyzeDomain (122ms)
			TypeCache.Refresh (107ms)
				TypeCache.ScanAssembly (92ms)
			ScanForSourceGeneratedMonoScriptInfo (11ms)
			ResolveRequiredComponents (4ms)
	FinalizeReload (396ms)
		ReleaseScriptCaches (0ms)
		RebuildScriptCaches (0ms)
		SetupLoadedEditorAssemblies (285ms)
			LogAssemblyErrors (0ms)
			InitializePlatformSupportModulesInManaged (3ms)
			SetLoadedEditorAssemblies (4ms)
			RefreshPlugins (0ms)
			BeforeProcessingInitializeOnLoad (42ms)
			ProcessInitializeOnLoadAttributes (213ms)
			ProcessInitializeOnLoadMethodAttributes (22ms)
			AfterProcessingInitializeOnLoad (1ms)
			EditorAssembliesLoaded (0ms)
		ExecutionOrderSort2 (0ms)
		AwakeInstancesAfterBackupRestoration (2ms)
Launching external process: /Applications/Unity/Hub/Editor/2022.3.16f1/Unity.app/Contents/Tools/UnityShaderCompiler
Launched and connected shader compiler UnityShaderCompiler after 0.05 seconds
Refreshing native plugins compatible for Editor in 1.47 ms, found 3 plugins.
Preloading 0 native plugins for Editor in 0.00 ms.
Unloading 4090 Unused Serialized files (Serialized files now loaded: 0)
Unloading 70 unused Assets / (198.5 KB). Loaded Objects now: 4548.
Memory consumption went from 155.6 MB to 155.4 MB.
Total: 3.326417 ms (FindLiveObjects: 0.122583 ms CreateObjectMapping: 0.053375 ms MarkObjects: 2.881792 ms  DeleteObjects: 0.268166 ms)

AssetImportParameters requested are different than current active one (requested -> active):
  custom:container-demuxer-ogg: 62fdf1f143b41e24485cea50d1cbac27 -> 
  custom:video-decoder-ogg-theora: a1e56fd34408186e4bbccfd4996cb3dc -> 
  custom:CustomObjectIndexerAttribute: 43b350a4d6e6d1791af0b5038c4bea17 -> 
  custom:container-demuxer-webm: 4f35f7cbe854078d1ac9338744f61a02 -> 
  custom:container-muxer-webm: aa71ff27fc2769a1b78a27578f13a17b -> 
  custom:video-decoder-webm-vp8: 9c59270c3fd7afecdb556c50c9e8de78 -> 
  custom:SearchIndexIgnoredProperties: e643bd26f0fe6173181afceb89e7c659 -> 
  custom:AudioImporter_EditorPlatform: 3918e3fc78b5a79bad01e8451be0beb8 -> 
  custom:framework-osx-AVFoundation: e770b220cccbd017edd2c1fefb359320 -> 
  custom:video-encoder-webm-vp8: eb34c28f22e8b96e1ab97ce403110664 -> 
  custom:audio-decoder-ogg-vorbis: bf7c407c2cedff20999df2af8eb42d56 -> 
  custom:audio-encoder-webm-vorbis: bf7c407c2cedff20999df2af8eb42d56 -> 
========================================================================
Received Import Request.
  Time since last request: 637966.656494 seconds.
  path: Assets/Sprites/Background/Sundial_2.asset
  artifactKey: Guid(307d0a4a86810425aba8718944a0c700) Importer(815301076,1909f56bfc062723c751e8b465ee728b)
Start importing Assets/Sprites/Background/Sundial_2.asset using Guid(307d0a4a86810425aba8718944a0c700) Importer(815301076,1909f56bfc062723c751e8b465ee728b)  -> (artifact id: '52ef1bdd734e8ef62a0d8ade94d02aaa') in 0.047655 seconds
Number of updated asset objects reloaded before import = 0
Number of asset objects unloaded after import = 3
========================================================================
Received Import Request.
  Time since last request: 0.000038 seconds.
  path: Assets/Sprites/Background/Sundial_12.asset
  artifactKey: Guid(5d29a8a5a2cbc437480ae05e1405fae1) Importer(815301076,1909f56bfc062723c751e8b465ee728b)
Start importing Assets/Sprites/Background/Sundial_12.asset using Guid(5d29a8a5a2cbc437480ae05e1405fae1) Importer(815301076,1909f56bfc062723c751e8b465ee728b)  -> (artifact id: '051bec4c03a62d3aaa1c35e29ca9b954') in 0.003759 seconds
Number of updated asset objects reloaded before import = 0
Number of asset objects unloaded after import = 3
========================================================================
Received Import Request.
  Time since last request: 0.000129 seconds.
  path: Assets/Sprites/Background/Sundial_7.asset
  artifactKey: Guid(9590c8d192a0b48e898065d0e13d67b3) Importer(815301076,1909f56bfc062723c751e8b465ee728b)
Start importing Assets/Sprites/Background/Sundial_7.asset using Guid(9590c8d192a0b48e898065d0e13d67b3) Importer(815301076,1909f56bfc062723c751e8b465ee728b)  -> (artifact id: '5944f5843fe0e19752c562a71c16acf2') in 0.003546 seconds
Number of updated asset objects reloaded before import = 0
Number of asset objects unloaded after import = 3
========================================================================
Received Import Request.
  Time since last request: 0.000153 seconds.
  path: Assets/Sprites/Background/Sundial_4.asset
  artifactKey: Guid(490df1b996c3f49068a03ddfc6fe2409) Importer(815301076,1909f56bfc062723c751e8b465ee728b)
Start importing Assets/Sprites/Background/Sundial_4.asset using Guid(490df1b996c3f49068a03ddfc6fe2409) Importer(815301076,1909f56bfc062723c751e8b465ee728b)  -> (artifact id: 'd27534ddc8e4d46d9156b693534a8359') in 0.003137 seconds
Number of updated asset objects reloaded before import = 0
Number of asset objects unloaded after import = 3
========================================================================
Received Import Request.
  Time since last request: 0.000124 seconds.
  path: Assets/Sprites/Background/Sundial_15.asset
  artifactKey: Guid(5d523729d51504fca856cf0f17507952) Importer(815301076,1909f56bfc062723c751e8b465ee728b)
Start importing Assets/Sprites/Background/Sundial_15.asset using Guid(5d523729d51504fca856cf0f17507952) Importer(815301076,1909f56bfc062723c751e8b465ee728b)  -> (artifact id: 'c213ecb648248867ecb103d048774afc') in 0.003491 seconds
Number of updated asset objects reloaded before import = 0
Number of asset objects unloaded after import = 3
========================================================================
Received Import Request.
  Time since last request: 0.000108 seconds.
  path: Assets/Sprites/Background/Sundial_3.asset
  artifactKey: Guid(ceb1ae442e8b54800b479e7fbecec5e7) Importer(815301076,1909f56bfc062723c751e8b465ee728b)
Start importing Assets/Sprites/Background/Sundial_3.asset using Guid(ceb1ae442e8b54800b479e7fbecec5e7) Importer(815301076,1909f56bfc062723c751e8b465ee728b)  -> (artifact id: 'bcac7b28378829a5a5f89b467a018765') in 0.002970 seconds
Number of updated asset objects reloaded before import = 0
Number of asset objects unloaded after import = 3
========================================================================
Received Import Request.
  Time since last request: 0.000131 seconds.
  path: Assets/Sprites/Background/Sundial_11.asset
  artifactKey: Guid(a22b6fea6ef694a1bb20b541d6c77014) Importer(815301076,1909f56bfc062723c751e8b465ee728b)
Start importing Assets/Sprites/Background/Sundial_11.asset using Guid(a22b6fea6ef694a1bb20b541d6c77014) Importer(815301076,1909f56bfc062723c751e8b465ee728b)  -> (artifact id: '92b9e4d974438f92587ac34cd9e55272') in 0.003016 seconds
Number of updated asset objects reloaded before import = 0
Number of asset objects unloaded after import = 3
========================================================================
Received Import Request.
  Time since last request: 0.000122 seconds.
  path: Assets/Sprites/Background/Sundial_1.asset
  artifactKey: Guid(49e0a289e1c3345f2a9f5da39792c0b9) Importer(815301076,1909f56bfc062723c751e8b465ee728b)
Start importing Assets/Sprites/Background/Sundial_1.asset using Guid(49e0a289e1c3345f2a9f5da39792c0b9) Importer(815301076,1909f56bfc062723c751e8b465ee728b)  -> (artifact id: 'f9b5f3c0b9dad3d3402747cafef1f032') in 0.003609 seconds
Number of updated asset objects reloaded before import = 0
Number of asset objects unloaded after import = 3
========================================================================
Received Import Request.
  Time since last request: 9.338139 seconds.
  path: Assets/Sprites/Background/sandy/IMG_0510 2_59.asset
  artifactKey: Guid(a9247ceff2d904e589ab6e24846beacd) Importer(815301076,1909f56bfc062723c751e8b465ee728b)
Start importing Assets/Sprites/Background/sandy/IMG_0510 2_59.asset using Guid(a9247ceff2d904e589ab6e24846beacd) Importer(815301076,1909f56bfc062723c751e8b465ee728b)  -> (artifact id: 'd8e7be50915acbe6446b810fe7ef79c3') in 0.004254 seconds
Number of updated asset objects reloaded before import = 0
Number of asset objects unloaded after import = 3
========================================================================
Received Import Request.
  Time since last request: 0.000087 seconds.
  path: Assets/Sprites/Background/sandy/IMG_0510 3_8.asset
  artifactKey: Guid(136d46e5fca854a6581e9837625b7010) Importer(815301076,1909f56bfc062723c751e8b465ee728b)
Start importing Assets/Sprites/Background/sandy/IMG_0510 3_8.asset using Guid(136d46e5fca854a6581e9837625b7010) Importer(815301076,1909f56bfc062723c751e8b465ee728b)  -> (artifact id: 'f24e4f6a63d529266d20ac6b5db2013b') in 0.003552 seconds
Number of updated asset objects reloaded before import = 0
Number of asset objects unloaded after import = 3
========================================================================
Received Import Request.
  Time since last request: 0.000070 seconds.
  path: Assets/Sprites/Background/sandy/Untitled_Artwork 33.png
  artifactKey: Guid(1a1fb63ebdacf4fddb27820de849b5e8) Importer(815301076,1909f56bfc062723c751e8b465ee728b)
Start importing Assets/Sprites/Background/sandy/Untitled_Artwork 33.png using Guid(1a1fb63ebdacf4fddb27820de849b5e8) Importer(815301076,1909f56bfc062723c751e8b465ee728b)  -> (artifact id: '04449cc4e9b4df0b25e978c064afb6ab') in 0.018402 seconds
Number of updated asset objects reloaded before import = 0
Number of asset objects unloaded after import = 3
========================================================================
Received Import Request.
  Time since last request: 0.000085 seconds.
  path: Assets/Sprites/Background/sandy/IMG_0510 3_11.asset
  artifactKey: Guid(a87b47d61a92f47f6abce856d10e0b41) Importer(815301076,1909f56bfc062723c751e8b465ee728b)
Start importing Assets/Sprites/Background/sandy/IMG_0510 3_11.asset using Guid(a87b47d61a92f47f6abce856d10e0b41) Importer(815301076,1909f56bfc062723c751e8b465ee728b)  -> (artifact id: '6b4d1dbc24750856758b09eab3dbcdd6') in 0.002977 seconds
Number of updated asset objects reloaded before import = 0
Number of asset objects unloaded after import = 3
========================================================================
Received Import Request.
  Time since last request: 0.000078 seconds.
  path: Assets/Sprites/Background/sandy/IMG_0510 3_12.asset
  artifactKey: Guid(46a2074817b8941e0a10c13e092ae0a0) Importer(815301076,1909f56bfc062723c751e8b465ee728b)
Start importing Assets/Sprites/Background/sandy/IMG_0510 3_12.asset using Guid(46a2074817b8941e0a10c13e092ae0a0) Importer(815301076,1909f56bfc062723c751e8b465ee728b)  -> (artifact id: 'd9f6eb29d9bf0400f44d67f5b0d4be3e') in 0.003397 seconds
Number of updated asset objects reloaded before import = 0
Number of asset objects unloaded after import = 3
========================================================================
Received Import Request.
  Time since last request: 0.000056 seconds.
  path: Assets/Sprites/Background/sandy/IMG_0510 3_13.asset
  artifactKey: Guid(8eb3420533cc247308b45bd5b0c69b91) Importer(815301076,1909f56bfc062723c751e8b465ee728b)
Start importing Assets/Sprites/Background/sandy/IMG_0510 3_13.asset using Guid(8eb3420533cc247308b45bd5b0c69b91) Importer(815301076,1909f56bfc062723c751e8b465ee728b)  -> (artifact id: '56647145aa46701af56b74f7c030a219') in 0.002943 seconds
Number of updated asset objects reloaded before import = 0
Number of asset objects unloaded after import = 3
========================================================================
Received Import Request.
  Time since last request: 0.000051 seconds.
  path: Assets/Sprites/Background/sandy/IMG_0510 2_61.asset
  artifactKey: Guid(5f83fc720c2be47fbac9d2da1b19890f) Importer(815301076,1909f56bfc062723c751e8b465ee728b)
Start importing Assets/Sprites/Background/sandy/IMG_0510 2_61.asset using Guid(5f83fc720c2be47fbac9d2da1b19890f) Importer(815301076,1909f56bfc062723c751e8b465ee728b)  -> (artifact id: 'e96800601a87cf2055ade2370dd9e3bc') in 0.003271 seconds
Number of updated asset objects reloaded before import = 0
Number of asset objects unloaded after import = 3
========================================================================
Received Import Request.
  Time since last request: 0.000068 seconds.
  path: Assets/Sprites/Background/sandy/IMG_0510 2_62.asset
  artifactKey: Guid(2cfdf9a9064e746f7a54d3da91f28dd0) Importer(815301076,1909f56bfc062723c751e8b465ee728b)
Start importing Assets/Sprites/Background/sandy/IMG_0510 2_62.asset using Guid(2cfdf9a9064e746f7a54d3da91f28dd0) Importer(815301076,1909f56bfc062723c751e8b465ee728b)  -> (artifact id: 'f704bc64866d0d63400ebca13edea99d') in 0.003345 seconds
Number of updated asset objects reloaded before import = 0
Number of asset objects unloaded after import = 3
========================================================================
Received Import Request.
  Time since last request: 0.000075 seconds.
  path: Assets/Sprites/Background/sandy/IMG_0510 3_7.asset
  artifactKey: Guid(7502b4eb4b89c4b889aba343bea08fb6) Importer(815301076,1909f56bfc062723c751e8b465ee728b)
Start importing Assets/Sprites/Background/sandy/IMG_0510 3_7.asset using Guid(7502b4eb4b89c4b889aba343bea08fb6) Importer(815301076,1909f56bfc062723c751e8b465ee728b)  -> (artifact id: '06f3577c93f075778005a9037a7e4c94') in 0.003259 seconds
Number of updated asset objects reloaded before import = 0
Number of asset objects unloaded after import = 3
========================================================================
Received Import Request.
  Time since last request: 0.000041 seconds.
  path: Assets/Sprites/Background/sandy/IMG_0510 3_14.asset
  artifactKey: Guid(c30925a4456e94c82928fee4e02e8716) Importer(815301076,1909f56bfc062723c751e8b465ee728b)
Start importing Assets/Sprites/Background/sandy/IMG_0510 3_14.asset using Guid(c30925a4456e94c82928fee4e02e8716) Importer(815301076,1909f56bfc062723c751e8b465ee728b)  -> (artifact id: '4df764eaef378777745634cf53c1c445') in 0.002632 seconds
Number of updated asset objects reloaded before import = 0
Number of asset objects unloaded after import = 3
========================================================================
Received Import Request.
  Time since last request: 0.000101 seconds.
  path: Assets/Sprites/Background/sandy/IMG_0510 3_10.asset
  artifactKey: Guid(402ccfbc0c76842fc94d238b993b6c32) Importer(815301076,1909f56bfc062723c751e8b465ee728b)
Start importing Assets/Sprites/Background/sandy/IMG_0510 3_10.asset using Guid(402ccfbc0c76842fc94d238b993b6c32) Importer(815301076,1909f56bfc062723c751e8b465ee728b)  -> (artifact id: '97c01aa5452993373312ab36497c4919') in 0.003199 seconds
Number of updated asset objects reloaded before import = 0
Number of asset objects unloaded after import = 3
========================================================================
Received Import Request.
  Time since last request: 0.000066 seconds.
  path: Assets/Sprites/Background/sandy/IMG_0510 4_1.asset
  artifactKey: Guid(2aae8f1d966ad4c6084394fa4c914d93) Importer(815301076,1909f56bfc062723c751e8b465ee728b)
Start importing Assets/Sprites/Background/sandy/IMG_0510 4_1.asset using Guid(2aae8f1d966ad4c6084394fa4c914d93) Importer(815301076,1909f56bfc062723c751e8b465ee728b)  -> (artifact id: '099b784645aa1702c74e9705c4bb1e4f') in 0.002401 seconds
Number of updated asset objects reloaded before import = 0
Number of asset objects unloaded after import = 3
========================================================================
Received Import Request.
  Time since last request: 0.000287 seconds.
  path: Assets/Sprites/Background/sandy/IMG_0510 3.png
  artifactKey: Guid(0942bd824d0d6415bbbb1fe38744794b) Importer(815301076,1909f56bfc062723c751e8b465ee728b)
Start importing Assets/Sprites/Background/sandy/IMG_0510 3.png using Guid(0942bd824d0d6415bbbb1fe38744794b) Importer(815301076,1909f56bfc062723c751e8b465ee728b)  -> (artifact id: '5dc25dc9b2eaf1eca7f83359c77c3b61') in 0.027681 seconds
Number of updated asset objects reloaded before import = 0
Number of asset objects unloaded after import = 17
========================================================================
Received Import Request.
  Time since last request: 11.547739 seconds.
  path: Assets/Sprites/Background/sandy/IMG_0510 2_49.asset
  artifactKey: Guid(068ae0836a1c240bdba62ba7eaf8506e) Importer(815301076,1909f56bfc062723c751e8b465ee728b)
Start importing Assets/Sprites/Background/sandy/IMG_0510 2_49.asset using Guid(068ae0836a1c240bdba62ba7eaf8506e) Importer(815301076,1909f56bfc062723c751e8b465ee728b)  -> (artifact id: 'e5fa09336963cf2844085b50db363760') in 0.003839 seconds
Number of updated asset objects reloaded before import = 0
Number of asset objects unloaded after import = 3
========================================================================
Received Import Request.
  Time since last request: 0.000075 seconds.
  path: Assets/Sprites/Background/sandy/IMG_0510 2_52.asset
  artifactKey: Guid(98df5d809220d47f5a645d9d4902f11c) Importer(815301076,1909f56bfc062723c751e8b465ee728b)
Start importing Assets/Sprites/Background/sandy/IMG_0510 2_52.asset using Guid(98df5d809220d47f5a645d9d4902f11c) Importer(815301076,1909f56bfc062723c751e8b465ee728b)  -> (artifact id: 'b0693451f3959e74bf46684cdc81d1ce') in 0.003312 seconds
Number of updated asset objects reloaded before import = 0
Number of asset objects unloaded after import = 3
========================================================================
Received Import Request.
  Time since last request: 0.000073 seconds.
  path: Assets/Sprites/Background/sandy/IMG_0510 2_56.asset
  artifactKey: Guid(e72c0986a9e644d129750d5fc98fc73f) Importer(815301076,1909f56bfc062723c751e8b465ee728b)
Start importing Assets/Sprites/Background/sandy/IMG_0510 2_56.asset using Guid(e72c0986a9e644d129750d5fc98fc73f) Importer(815301076,1909f56bfc062723c751e8b465ee728b)  -> (artifact id: '1a9a1468d907d4999aebeb2b03d69c13') in 0.002597 seconds
Number of updated asset objects reloaded before import = 0
Number of asset objects unloaded after import = 3
========================================================================
Received Import Request.
  Time since last request: 0.000098 seconds.
  path: Assets/Sprites/Background/sandy/IMG_0510 2_51.asset
  artifactKey: Guid(c157c2916add74e2cbefcd4d6d1c6a23) Importer(815301076,1909f56bfc062723c751e8b465ee728b)
Start importing Assets/Sprites/Background/sandy/IMG_0510 2_51.asset using Guid(c157c2916add74e2cbefcd4d6d1c6a23) Importer(815301076,1909f56bfc062723c751e8b465ee728b)  -> (artifact id: '2ae15f75727fc4d78733ac605a0082ef') in 0.002999 seconds
Number of updated asset objects reloaded before import = 0
Number of asset objects unloaded after import = 3
========================================================================
Received Import Request.
  Time since last request: 0.000211 seconds.
  path: Assets/Sprites/Background/sandy/IMG_0510 2_57.asset
  artifactKey: Guid(8b032408cd59743d6818393c3afbb8c9) Importer(815301076,1909f56bfc062723c751e8b465ee728b)
Start importing Assets/Sprites/Background/sandy/IMG_0510 2_57.asset using Guid(8b032408cd59743d6818393c3afbb8c9) Importer(815301076,1909f56bfc062723c751e8b465ee728b)  -> (artifact id: '95b820345ac56f2dafcedc0d9248b301') in 0.002707 seconds
Number of updated asset objects reloaded before import = 0
Number of asset objects unloaded after import = 3
========================================================================
Received Import Request.
  Time since last request: 27.672320 seconds.
  path: Assets/Sprites/Background/sandy/IMG_0510 2_39.asset
  artifactKey: Guid(5e5308586d36a4bfda45bc711e6dbfa2) Importer(815301076,1909f56bfc062723c751e8b465ee728b)
Start importing Assets/Sprites/Background/sandy/IMG_0510 2_39.asset using Guid(5e5308586d36a4bfda45bc711e6dbfa2) Importer(815301076,1909f56bfc062723c751e8b465ee728b)  -> (artifact id: 'd73cf53922b221c2fb43df2dd048d1a7') in 0.004685 seconds
Number of updated asset objects reloaded before import = 0
Number of asset objects unloaded after import = 3
========================================================================
Received Import Request.
  Time since last request: 0.001185 seconds.
  path: Assets/Sprites/Background/sandy/IMG_0510 2_40.asset
  artifactKey: Guid(92af88ace755d473fa860a0c40800e1f) Importer(815301076,1909f56bfc062723c751e8b465ee728b)
Start importing Assets/Sprites/Background/sandy/IMG_0510 2_40.asset using Guid(92af88ace755d473fa860a0c40800e1f) Importer(815301076,1909f56bfc062723c751e8b465ee728b)  -> (artifact id: 'cf1111611fd22908954c8d83b84613a8') in 0.002819 seconds
Number of updated asset objects reloaded before import = 0
Number of asset objects unloaded after import = 3
========================================================================
Received Import Request.
  Time since last request: 0.000066 seconds.
  path: Assets/Sprites/Background/sandy/IMG_0510 2_45.asset
  artifactKey: Guid(9f75665cb80b94958b8e03b132e1682f) Importer(815301076,1909f56bfc062723c751e8b465ee728b)
Start importing Assets/Sprites/Background/sandy/IMG_0510 2_45.asset using Guid(9f75665cb80b94958b8e03b132e1682f) Importer(815301076,1909f56bfc062723c751e8b465ee728b)  -> (artifact id: 'd3d8fce8dee1c8245667b57304e6a12f') in 0.002080 seconds
Number of updated asset objects reloaded before import = 0
Number of asset objects unloaded after import = 3
========================================================================
Received Import Request.
  Time since last request: 0.000057 seconds.
  path: Assets/Sprites/Background/sandy/IMG_0510 2_48.asset
  artifactKey: Guid(bd314e7f12cca45779ee3e9ea1769ff8) Importer(815301076,1909f56bfc062723c751e8b465ee728b)
Start importing Assets/Sprites/Background/sandy/IMG_0510 2_48.asset using Guid(bd314e7f12cca45779ee3e9ea1769ff8) Importer(815301076,1909f56bfc062723c751e8b465ee728b)  -> (artifact id: '225a6f1ef81438aafc07e8e82a730bb2') in 0.002592 seconds
Number of updated asset objects reloaded before import = 0
Number of asset objects unloaded after import = 3
========================================================================
Received Import Request.
  Time since last request: 0.000106 seconds.
  path: Assets/Sprites/Background/sandy/IMG_0510 2_44.asset
  artifactKey: Guid(c963eeb94fbfa4c00b398f32e42538a9) Importer(815301076,1909f56bfc062723c751e8b465ee728b)
Start importing Assets/Sprites/Background/sandy/IMG_0510 2_44.asset using Guid(c963eeb94fbfa4c00b398f32e42538a9) Importer(815301076,1909f56bfc062723c751e8b465ee728b)  -> (artifact id: '26108e834009586019b7854c5e63ed3a') in 0.002557 seconds
Number of updated asset objects reloaded before import = 0
Number of asset objects unloaded after import = 3
========================================================================
Received Import Request.
  Time since last request: 0.000075 seconds.
  path: Assets/Sprites/Background/sandy/IMG_0510 2_47.asset
  artifactKey: Guid(3acc5d4e319184800b4907633594f6ce) Importer(815301076,1909f56bfc062723c751e8b465ee728b)
Start importing Assets/Sprites/Background/sandy/IMG_0510 2_47.asset using Guid(3acc5d4e319184800b4907633594f6ce) Importer(815301076,1909f56bfc062723c751e8b465ee728b)  -> (artifact id: 'b576b138a699731ba45471ce7cf104a2') in 0.001837 seconds
Number of updated asset objects reloaded before import = 0
Number of asset objects unloaded after import = 3
========================================================================
Received Import Request.
  Time since last request: 0.784772 seconds.
  path: Assets/Sprites/Background/sandy/IMG_0510 2_29.asset
  artifactKey: Guid(77d65c655f6c34139a1db087498ed92d) Importer(815301076,1909f56bfc062723c751e8b465ee728b)
Start importing Assets/Sprites/Background/sandy/IMG_0510 2_29.asset using Guid(77d65c655f6c34139a1db087498ed92d) Importer(815301076,1909f56bfc062723c751e8b465ee728b)  -> (artifact id: '23560c0cb87ae6bb0e6818127444b62e') in 0.003530 seconds
Number of updated asset objects reloaded before import = 0
Number of asset objects unloaded after import = 3
========================================================================
Received Import Request.
  Time since last request: 0.000094 seconds.
  path: Assets/Sprites/Background/sandy/IMG_0510 2_37.asset
  artifactKey: Guid(70b6b90f5cc6444dea8296aa08152e54) Importer(815301076,1909f56bfc062723c751e8b465ee728b)
Start importing Assets/Sprites/Background/sandy/IMG_0510 2_37.asset using Guid(70b6b90f5cc6444dea8296aa08152e54) Importer(815301076,1909f56bfc062723c751e8b465ee728b)  -> (artifact id: '7a1ae124f96cd2695369391d7229bc41') in 0.002064 seconds
Number of updated asset objects reloaded before import = 0
Number of asset objects unloaded after import = 3
========================================================================
Received Import Request.
  Time since last request: 0.000115 seconds.
  path: Assets/Sprites/Background/sandy/IMG_0510 2_35.asset
  artifactKey: Guid(2559c369463f64d039b5f58fc2c5b4fb) Importer(815301076,1909f56bfc062723c751e8b465ee728b)
Start importing Assets/Sprites/Background/sandy/IMG_0510 2_35.asset using Guid(2559c369463f64d039b5f58fc2c5b4fb) Importer(815301076,1909f56bfc062723c751e8b465ee728b)  -> (artifact id: '3be29c93c6bd5093306ed5788066b775') in 0.002244 seconds
Number of updated asset objects reloaded before import = 0
Number of asset objects unloaded after import = 3
========================================================================
Received Import Request.
  Time since last request: 0.000106 seconds.
  path: Assets/Sprites/Background/sandy/IMG_0510 2_32.asset
  artifactKey: Guid(c421768ea60ff4000a69b8d32923ba75) Importer(815301076,1909f56bfc062723c751e8b465ee728b)
Start importing Assets/Sprites/Background/sandy/IMG_0510 2_32.asset using Guid(c421768ea60ff4000a69b8d32923ba75) Importer(815301076,1909f56bfc062723c751e8b465ee728b)  -> (artifact id: '06141699c9ac03214b813642c149c2ee') in 0.002163 seconds
Number of updated asset objects reloaded before import = 0
Number of asset objects unloaded after import = 3
========================================================================
Received Import Request.
  Time since last request: 0.000055 seconds.
  path: Assets/Sprites/Background/sandy/IMG_0510 2_31.asset
  artifactKey: Guid(2dadc91cf501a421da3f54a157600e83) Importer(815301076,1909f56bfc062723c751e8b465ee728b)
Start importing Assets/Sprites/Background/sandy/IMG_0510 2_31.asset using Guid(2dadc91cf501a421da3f54a157600e83) Importer(815301076,1909f56bfc062723c751e8b465ee728b)  -> (artifact id: '60a08d7b710c4334272084c6bd8777d0') in 0.002323 seconds
Number of updated asset objects reloaded before import = 0
Number of asset objects unloaded after import = 3
========================================================================
Received Import Request.
  Time since last request: 0.383987 seconds.
  path: Assets/Sprites/Background/sandy/IMG_0510 2_19.asset
  artifactKey: Guid(5259f6afb71db4d7f837d562e6f58073) Importer(815301076,1909f56bfc062723c751e8b465ee728b)
Start importing Assets/Sprites/Background/sandy/IMG_0510 2_19.asset using Guid(5259f6afb71db4d7f837d562e6f58073) Importer(815301076,1909f56bfc062723c751e8b465ee728b)  -> (artifact id: '47c9cc983439dd067574e1344a3021f0') in 0.003727 seconds
Number of updated asset objects reloaded before import = 0
Number of asset objects unloaded after import = 3
========================================================================
Received Import Request.
  Time since last request: 0.000093 seconds.
  path: Assets/Sprites/Background/sandy/IMG_0510 2_27.asset
  artifactKey: Guid(852864c842cc148168700c118c80b12e) Importer(815301076,1909f56bfc062723c751e8b465ee728b)
Start importing Assets/Sprites/Background/sandy/IMG_0510 2_27.asset using Guid(852864c842cc148168700c118c80b12e) Importer(815301076,1909f56bfc062723c751e8b465ee728b)  -> (artifact id: '65ec69c94478b07a6dc67d9c3f674853') in 0.002391 seconds
Number of updated asset objects reloaded before import = 0
Number of asset objects unloaded after import = 3
========================================================================
Received Import Request.
  Time since last request: 0.000074 seconds.
  path: Assets/Sprites/Background/sandy/IMG_0510 2_22.asset
  artifactKey: Guid(aa3f07410cb06467cb7a5498b5a3d806) Importer(815301076,1909f56bfc062723c751e8b465ee728b)
Start importing Assets/Sprites/Background/sandy/IMG_0510 2_22.asset using Guid(aa3f07410cb06467cb7a5498b5a3d806) Importer(815301076,1909f56bfc062723c751e8b465ee728b)  -> (artifact id: 'accc99bb65553a37c7c2606198e012f1') in 0.002080 seconds
Number of updated asset objects reloaded before import = 0
Number of asset objects unloaded after import = 3
========================================================================
Received Import Request.
  Time since last request: 0.000076 seconds.
  path: Assets/Sprites/Background/sandy/IMG_0510 2_28.asset
  artifactKey: Guid(727029e18d96d4bb39c2c9aa1ddf8a45) Importer(815301076,1909f56bfc062723c751e8b465ee728b)
Start importing Assets/Sprites/Background/sandy/IMG_0510 2_28.asset using Guid(727029e18d96d4bb39c2c9aa1ddf8a45) Importer(815301076,1909f56bfc062723c751e8b465ee728b)  -> (artifact id: '17785f9a9a67cda03d75140afcd2b50d') in 0.002178 seconds
Number of updated asset objects reloaded before import = 0
Number of asset objects unloaded after import = 3
========================================================================
Received Import Request.
  Time since last request: 0.000065 seconds.
  path: Assets/Sprites/Background/sandy/IMG_0510 2_24.asset
  artifactKey: Guid(cf7bd4eda7bbb439cbde7411f8934319) Importer(815301076,1909f56bfc062723c751e8b465ee728b)
Start importing Assets/Sprites/Background/sandy/IMG_0510 2_24.asset using Guid(cf7bd4eda7bbb439cbde7411f8934319) Importer(815301076,1909f56bfc062723c751e8b465ee728b)  -> (artifact id: 'c57585d8611d53ade4b1f6498b2617a5') in 0.002125 seconds
Number of updated asset objects reloaded before import = 0
Number of asset objects unloaded after import = 3
========================================================================
Received Import Request.
  Time since last request: 0.792450 seconds.
  path: Assets/Sprites/Background/sandy/IMG_0510 2_9.asset
  artifactKey: Guid(82af3132593814d1d97b34679b270586) Importer(815301076,1909f56bfc062723c751e8b465ee728b)
Start importing Assets/Sprites/Background/sandy/IMG_0510 2_9.asset using Guid(82af3132593814d1d97b34679b270586) Importer(815301076,1909f56bfc062723c751e8b465ee728b)  -> (artifact id: '839344dd0c14891fc4f355f2c6e42052') in 0.003581 seconds
Number of updated asset objects reloaded before import = 0
Number of asset objects unloaded after import = 3
========================================================================
Received Import Request.
  Time since last request: 0.000065 seconds.
  path: Assets/Sprites/Background/sandy/IMG_0510 2_15.asset
  artifactKey: Guid(a74bae61c341c4184bbaaad22b8604ed) Importer(815301076,1909f56bfc062723c751e8b465ee728b)
Start importing Assets/Sprites/Background/sandy/IMG_0510 2_15.asset using Guid(a74bae61c341c4184bbaaad22b8604ed) Importer(815301076,1909f56bfc062723c751e8b465ee728b)  -> (artifact id: 'a80ca8720ac4f9a19e31e0b2996e9523') in 0.002044 seconds
Number of updated asset objects reloaded before import = 0
Number of asset objects unloaded after import = 3
========================================================================
Received Import Request.
  Time since last request: 0.000089 seconds.
  path: Assets/Sprites/Background/sandy/IMG_0510 2_16.asset
  artifactKey: Guid(43043f2909c474ff5b5cda30ef0284f7) Importer(815301076,1909f56bfc062723c751e8b465ee728b)
Start importing Assets/Sprites/Background/sandy/IMG_0510 2_16.asset using Guid(43043f2909c474ff5b5cda30ef0284f7) Importer(815301076,1909f56bfc062723c751e8b465ee728b)  -> (artifact id: '55c00a4de68abb8fe70dba064840dd8c') in 0.001836 seconds
Number of updated asset objects reloaded before import = 0
Number of asset objects unloaded after import = 3
========================================================================
Received Import Request.
  Time since last request: 0.000092 seconds.
  path: Assets/Sprites/Background/sandy/IMG_0510 2_17.asset
  artifactKey: Guid(2633edff76e5545c8bfe9bbba5f29489) Importer(815301076,1909f56bfc062723c751e8b465ee728b)
Start importing Assets/Sprites/Background/sandy/IMG_0510 2_17.asset using Guid(2633edff76e5545c8bfe9bbba5f29489) Importer(815301076,1909f56bfc062723c751e8b465ee728b)  -> (artifact id: '12ddb86fc3495d26a5c6b59df22ced01') in 0.001944 seconds
Number of updated asset objects reloaded before import = 0
Number of asset objects unloaded after import = 3
========================================================================
Received Import Request.
  Time since last request: 0.000059 seconds.
  path: Assets/Sprites/Background/sandy/IMG_0510 2_11.asset
  artifactKey: Guid(6df94067f10a74bbdb75c5a2a82a6818) Importer(815301076,1909f56bfc062723c751e8b465ee728b)
Start importing Assets/Sprites/Background/sandy/IMG_0510 2_11.asset using Guid(6df94067f10a74bbdb75c5a2a82a6818) Importer(815301076,1909f56bfc062723c751e8b465ee728b)  -> (artifact id: '0a5fa99a41e76e633f6fbb4c8fcc2315') in 0.002330 seconds
Number of updated asset objects reloaded before import = 0
Number of asset objects unloaded after import = 3
========================================================================
Received Import Request.
  Time since last request: 0.183613 seconds.
  path: Assets/Sprites/Background/sandy/IMG_0510 2.png
  artifactKey: Guid(73b9ddc3a48924d87a6f733d21dcbc82) Importer(815301076,1909f56bfc062723c751e8b465ee728b)
Start importing Assets/Sprites/Background/sandy/IMG_0510 2.png using Guid(73b9ddc3a48924d87a6f733d21dcbc82) Importer(815301076,1909f56bfc062723c751e8b465ee728b)  -> (artifact id: '60927d8f1124e6cb869b74d1648adcc6') in 0.067951 seconds
Number of updated asset objects reloaded before import = 0
Number of asset objects unloaded after import = 66
========================================================================
Received Prepare
Begin MonoManager ReloadAssembly
Thread 0x2a59c7000 may have been prematurely finalized
- Loaded All Assemblies, in  0.375 seconds
Refreshing native plugins compatible for Editor in 1.33 ms, found 3 plugins.
Native extension for OSXStandalone target not found
Native extension for WebGL target not found
[Package Manager] Server::EnsureServerProcessIsRunning -- launch failed, reason: Unity was launched with the -noUpm command-line argument
[Package Manager] UpmClient::Send -- Unable to send message (not connected to UPM process).
[Package Manager] Cannot connect to Unity Package Manager local server
Mono: successfully reloaded assembly
- Finished resetting the current domain, in  0.863 seconds
Domain Reload Profiling: 1238ms
	BeginReloadAssembly (143ms)
		ExecutionOrderSort (0ms)
		DisableScriptedObjects (21ms)
		BackupInstance (0ms)
		ReleaseScriptingObjects (0ms)
		CreateAndSetChildDomain (43ms)
	RebuildCommonClasses (29ms)
	RebuildNativeTypeToScriptingClass (9ms)
	initialDomainReloadingComplete (20ms)
	LoadAllAssembliesAndSetupDomain (174ms)
		LoadAssemblies (210ms)
		RebuildTransferFunctionScriptingTraits (0ms)
		AnalyzeDomain (11ms)
			TypeCache.Refresh (7ms)
				TypeCache.ScanAssembly (0ms)
			ScanForSourceGeneratedMonoScriptInfo (0ms)
			ResolveRequiredComponents (4ms)
	FinalizeReload (863ms)
		ReleaseScriptCaches (0ms)
		RebuildScriptCaches (0ms)
		SetupLoadedEditorAssemblies (249ms)
			LogAssemblyErrors (0ms)
			InitializePlatformSupportModulesInManaged (3ms)
			SetLoadedEditorAssemblies (4ms)
			RefreshPlugins (0ms)
			BeforeProcessingInitializeOnLoad (42ms)
			ProcessInitializeOnLoadAttributes (181ms)
			ProcessInitializeOnLoadMethodAttributes (19ms)
			AfterProcessingInitializeOnLoad (1ms)
			EditorAssembliesLoaded (0ms)
		ExecutionOrderSort2 (0ms)
		AwakeInstancesAfterBackupRestoration (6ms)
Refreshing native plugins compatible for Editor in 1.65 ms, found 3 plugins.
Preloading 0 native plugins for Editor in 0.00 ms.
Unloading 4071 Unused Serialized files (Serialized files now loaded: 0)
Unloading 42 unused Assets / (176.3 KB). Loaded Objects now: 4561.
Memory consumption went from 160.5 MB to 160.3 MB.
Total: 2.892167 ms (FindLiveObjects: 0.136667 ms CreateObjectMapping: 0.053375 ms MarkObjects: 2.558041 ms  DeleteObjects: 0.142833 ms)

Prepare: number of updated asset objects reloaded= 0
AssetImportParameters requested are different than current active one (requested -> active):
  custom:container-demuxer-ogg: 62fdf1f143b41e24485cea50d1cbac27 -> 
  custom:video-decoder-ogg-theora: a1e56fd34408186e4bbccfd4996cb3dc -> 
  custom:CustomObjectIndexerAttribute: 43b350a4d6e6d1791af0b5038c4bea17 -> 
  custom:container-demuxer-webm: 4f35f7cbe854078d1ac9338744f61a02 -> 
  custom:container-muxer-webm: aa71ff27fc2769a1b78a27578f13a17b -> 
  custom:video-decoder-webm-vp8: 9c59270c3fd7afecdb556c50c9e8de78 -> 
  custom:SearchIndexIgnoredProperties: e643bd26f0fe6173181afceb89e7c659 -> 
  custom:AudioImporter_EditorPlatform: 3918e3fc78b5a79bad01e8451be0beb8 -> 
  custom:framework-osx-AVFoundation: e770b220cccbd017edd2c1fefb359320 -> 
  custom:video-encoder-webm-vp8: eb34c28f22e8b96e1ab97ce403110664 -> 
  custom:audio-decoder-ogg-vorbis: bf7c407c2cedff20999df2af8eb42d56 -> 
  custom:audio-encoder-webm-vorbis: bf7c407c2cedff20999df2af8eb42d56 -> 
========================================================================
Received Import Request.
  Time since last request: 1617.365485 seconds.
  path: Assets/Sprites/Background/Stream/New Piskel.png
  artifactKey: Guid(fe009f1ecfb794ccf8f022373db6f615) Importer(815301076,1909f56bfc062723c751e8b465ee728b)
Start importing Assets/Sprites/Background/Stream/New Piskel.png using Guid(fe009f1ecfb794ccf8f022373db6f615) Importer(815301076,1909f56bfc062723c751e8b465ee728b)  -> (artifact id: '330326872a533a80a345d8afcc8e6237') in 0.040706 seconds
Number of updated asset objects reloaded before import = 0
Number of asset objects unloaded after import = 3
========================================================================
Received Import Request.
  Time since last request: 31.959993 seconds.
  path: Assets/Sprites/Background/Stream/New Piskel.png
  artifactKey: Guid(fe009f1ecfb794ccf8f022373db6f615) Importer(815301076,1909f56bfc062723c751e8b465ee728b)
Start importing Assets/Sprites/Background/Stream/New Piskel.png using Guid(fe009f1ecfb794ccf8f022373db6f615) Importer(815301076,1909f56bfc062723c751e8b465ee728b)  -> (artifact id: '959c1330dcc6a462030b6b622996425a') in 0.007857 seconds
Number of updated asset objects reloaded before import = 0
Number of asset objects unloaded after import = 2
========================================================================
Received Import Request.
  Time since last request: 52.344822 seconds.
  path: Assets/Sprites/Background/Stream/New Piskel.png
  artifactKey: Guid(fe009f1ecfb794ccf8f022373db6f615) Importer(815301076,1909f56bfc062723c751e8b465ee728b)
Start importing Assets/Sprites/Background/Stream/New Piskel.png using Guid(fe009f1ecfb794ccf8f022373db6f615) Importer(815301076,1909f56bfc062723c751e8b465ee728b)  -> (artifact id: '016142e3f5cd797b12810d857d05f1b7') in 0.032253 seconds
Number of updated asset objects reloaded before import = 0
Number of asset objects unloaded after import = 6
========================================================================
Received Import Request.
  Time since last request: 195.782576 seconds.
  path: Assets/Sprites/Goblet Shelf.png
  artifactKey: Guid(ae988ced0a3e545fbb60cdcf2e1efff9) Importer(815301076,1909f56bfc062723c751e8b465ee728b)
Start importing Assets/Sprites/Goblet Shelf.png using Guid(ae988ced0a3e545fbb60cdcf2e1efff9) Importer(815301076,1909f56bfc062723c751e8b465ee728b)  -> (artifact id: '451b3b3d4cdb4e825c8cc1af48fa596b') in 0.057153 seconds
Number of updated asset objects reloaded before import = 0
Number of asset objects unloaded after import = 3
========================================================================
Received Import Request.
  Time since last request: 18.786732 seconds.
  path: Assets/Sprites/Goblet Shelf.png
  artifactKey: Guid(ae988ced0a3e545fbb60cdcf2e1efff9) Importer(815301076,1909f56bfc062723c751e8b465ee728b)
Start importing Assets/Sprites/Goblet Shelf.png using Guid(ae988ced0a3e545fbb60cdcf2e1efff9) Importer(815301076,1909f56bfc062723c751e8b465ee728b)  -> (artifact id: '651c45ed255695d922af7f9291dc0b55') in 0.006812 seconds
Number of updated asset objects reloaded before import = 0
Number of asset objects unloaded after import = 3
========================================================================
Received Import Request.
  Time since last request: 11.018824 seconds.
  path: Assets/Sprites/Goblet Shelf.png
  artifactKey: Guid(ae988ced0a3e545fbb60cdcf2e1efff9) Importer(815301076,1909f56bfc062723c751e8b465ee728b)
Start importing Assets/Sprites/Goblet Shelf.png using Guid(ae988ced0a3e545fbb60cdcf2e1efff9) Importer(815301076,1909f56bfc062723c751e8b465ee728b)  -> (artifact id: 'c06079db63b0286b88e1d95b6217ed22') in 0.053203 seconds
Number of updated asset objects reloaded before import = 0
Number of asset objects unloaded after import = 3
========================================================================
Received Import Request.
  Time since last request: 229.759090 seconds.
  path: Assets/Sprites/Interactable Tiles/Goblet Stand Interactable.png
  artifactKey: Guid(64389a094b43846eba151e6c556085aa) Importer(815301076,1909f56bfc062723c751e8b465ee728b)
Start importing Assets/Sprites/Interactable Tiles/Goblet Stand Interactable.png using Guid(64389a094b43846eba151e6c556085aa) Importer(815301076,1909f56bfc062723c751e8b465ee728b)  -> (artifact id: '928541bc528aec0cb62d9f46c466641f') in 0.063430 seconds
Number of updated asset objects reloaded before import = 0
Number of asset objects unloaded after import = 3
========================================================================
Received Import Request.
  Time since last request: 12.372112 seconds.
  path: Assets/Sprites/Interactable Tiles/Goblet Stand Interactable.png
  artifactKey: Guid(64389a094b43846eba151e6c556085aa) Importer(815301076,1909f56bfc062723c751e8b465ee728b)
Start importing Assets/Sprites/Interactable Tiles/Goblet Stand Interactable.png using Guid(64389a094b43846eba151e6c556085aa) Importer(815301076,1909f56bfc062723c751e8b465ee728b)  -> (artifact id: '09e1dd83542485e000a185475ecf397f') in 0.007713 seconds
Number of updated asset objects reloaded before import = 0
Number of asset objects unloaded after import = 3
========================================================================
Received Import Request.
  Time since last request: 42.444051 seconds.
  path: Assets/Sprites/Interactable Tiles/Goblet_Stand_Interactable_Visible.asset
  artifactKey: Guid(bc29e3d2686804826926ae9ede6b9843) Importer(815301076,1909f56bfc062723c751e8b465ee728b)
Start importing Assets/Sprites/Interactable Tiles/Goblet_Stand_Interactable_Visible.asset using Guid(bc29e3d2686804826926ae9ede6b9843) Importer(815301076,1909f56bfc062723c751e8b465ee728b)  -> (artifact id: '24b462541249da008019d383ca3a5d58') in 0.020642 seconds
Number of updated asset objects reloaded before import = 0
Number of asset objects unloaded after import = 3
========================================================================
Received Import Request.
  Time since last request: 2.716070 seconds.
  path: Assets/Sprites/Interactable Tiles/Goblet_Stand_Interactable_Visible 1.asset
  artifactKey: Guid(870e4c7caa88e4ffbbc25dd634f70b91) Importer(815301076,1909f56bfc062723c751e8b465ee728b)
Start importing Assets/Sprites/Interactable Tiles/Goblet_Stand_Interactable_Visible 1.asset using Guid(870e4c7caa88e4ffbbc25dd634f70b91) Importer(815301076,1909f56bfc062723c751e8b465ee728b)  -> (artifact id: '8d9a325b177a707bb434c82d8a9987bc') in 0.003404 seconds
Number of updated asset objects reloaded before import = 0
Number of asset objects unloaded after import = 3
========================================================================
Received Import Request.
  Time since last request: 5.272006 seconds.
  path: Assets/Sprites/Interactable Tiles/Goblet_Stand_Interactable.asset
  artifactKey: Guid(870e4c7caa88e4ffbbc25dd634f70b91) Importer(815301076,1909f56bfc062723c751e8b465ee728b)
Start importing Assets/Sprites/Interactable Tiles/Goblet_Stand_Interactable.asset using Guid(870e4c7caa88e4ffbbc25dd634f70b91) Importer(815301076,1909f56bfc062723c751e8b465ee728b)  -> (artifact id: '35f870aa937ec24cb2561c11a2a1c248') in 0.003416 seconds
Number of updated asset objects reloaded before import = 0
Number of asset objects unloaded after import = 3
========================================================================
Received Import Request.
  Time since last request: 42.324149 seconds.
  path: Assets/Sprites/Interactable Tiles/Goblet_Stand_Interactable.asset
  artifactKey: Guid(870e4c7caa88e4ffbbc25dd634f70b91) Importer(815301076,1909f56bfc062723c751e8b465ee728b)
Start importing Assets/Sprites/Interactable Tiles/Goblet_Stand_Interactable.asset using Guid(870e4c7caa88e4ffbbc25dd634f70b91) Importer(815301076,1909f56bfc062723c751e8b465ee728b)  -> (artifact id: '8dbba5ff8b1507d8409397e2b1060fab') in 0.009862 seconds
Number of updated asset objects reloaded before import = 0
Number of asset objects unloaded after import = 3
========================================================================
Received Import Request.
  Time since last request: 16.486902 seconds.
  path: Assets/Sprites/Background/Background tile.prefab
  artifactKey: Guid(33241def51bf743d2a16223d5da54068) Importer(815301076,1909f56bfc062723c751e8b465ee728b)
Start importing Assets/Sprites/Background/Background tile.prefab using Guid(33241def51bf743d2a16223d5da54068) Importer(815301076,1909f56bfc062723c751e8b465ee728b)  -> (artifact id: '54cb347c15b83c3e0afe67909fb4fae1') in 0.095794 seconds
Number of updated asset objects reloaded before import = 0
Number of asset objects unloaded after import = 426
========================================================================
Received Import Request.
  Time since last request: 20.847920 seconds.
  path: Assets/Sprites/Background/Stream/New Piskel_0.asset
  artifactKey: Guid(921c3db1b9ee54bdda36bcf881231203) Importer(815301076,1909f56bfc062723c751e8b465ee728b)
Start importing Assets/Sprites/Background/Stream/New Piskel_0.asset using Guid(921c3db1b9ee54bdda36bcf881231203) Importer(815301076,1909f56bfc062723c751e8b465ee728b)  -> (artifact id: 'fc9377e1187358333a8f6a9e707af348') in 0.020035 seconds
Number of updated asset objects reloaded before import = 0
Number of asset objects unloaded after import = 3
========================================================================
Received Import Request.
  Time since last request: 0.000203 seconds.
  path: Assets/Sprites/Background/Stream/New Piskel_3.asset
  artifactKey: Guid(00fd9a575f0b640a78915edc8a1a2238) Importer(815301076,1909f56bfc062723c751e8b465ee728b)
Start importing Assets/Sprites/Background/Stream/New Piskel_3.asset using Guid(00fd9a575f0b640a78915edc8a1a2238) Importer(815301076,1909f56bfc062723c751e8b465ee728b)  -> (artifact id: '382b79d63f1fed553adc6c44f5c0991f') in 0.004350 seconds
Number of updated asset objects reloaded before import = 0
Number of asset objects unloaded after import = 3
========================================================================
Received Import Request.
  Time since last request: 0.000067 seconds.
  path: Assets/Sprites/Background/Stream/New Piskel_2.asset
  artifactKey: Guid(e51e58e57df714c2d98f21e440da5526) Importer(815301076,1909f56bfc062723c751e8b465ee728b)
Start importing Assets/Sprites/Background/Stream/New Piskel_2.asset using Guid(e51e58e57df714c2d98f21e440da5526) Importer(815301076,1909f56bfc062723c751e8b465ee728b)  -> (artifact id: 'a40dec1b5abf00c5adef0a29d07ebf27') in 0.004554 seconds
Number of updated asset objects reloaded before import = 0
Number of asset objects unloaded after import = 3
========================================================================
Received Prepare
Begin MonoManager ReloadAssembly
Thread 0x16de37000 may have been prematurely finalized
- Loaded All Assemblies, in  0.481 seconds
Refreshing native plugins compatible for Editor in 1.54 ms, found 3 plugins.
Native extension for OSXStandalone target not found
Native extension for WebGL target not found
[Package Manager] Server::EnsureServerProcessIsRunning -- launch failed, reason: Unity was launched with the -noUpm command-line argument
[Package Manager] UpmClient::Send -- Unable to send message (not connected to UPM process).
[Package Manager] Cannot connect to Unity Package Manager local server
Mono: successfully reloaded assembly
- Finished resetting the current domain, in  0.932 seconds
Domain Reload Profiling: 1413ms
	BeginReloadAssembly (167ms)
		ExecutionOrderSort (0ms)
		DisableScriptedObjects (8ms)
		BackupInstance (0ms)
		ReleaseScriptingObjects (0ms)
		CreateAndSetChildDomain (68ms)
	RebuildCommonClasses (29ms)
	RebuildNativeTypeToScriptingClass (24ms)
	initialDomainReloadingComplete (16ms)
	LoadAllAssembliesAndSetupDomain (246ms)
		LoadAssemblies (235ms)
		RebuildTransferFunctionScriptingTraits (0ms)
		AnalyzeDomain (56ms)
			TypeCache.Refresh (36ms)
				TypeCache.ScanAssembly (1ms)
			ScanForSourceGeneratedMonoScriptInfo (13ms)
			ResolveRequiredComponents (7ms)
	FinalizeReload (932ms)
		ReleaseScriptCaches (0ms)
		RebuildScriptCaches (0ms)
		SetupLoadedEditorAssemblies (259ms)
			LogAssemblyErrors (0ms)
			InitializePlatformSupportModulesInManaged (3ms)
			SetLoadedEditorAssemblies (3ms)
			RefreshPlugins (0ms)
			BeforeProcessingInitializeOnLoad (42ms)
			ProcessInitializeOnLoadAttributes (191ms)
			ProcessInitializeOnLoadMethodAttributes (18ms)
			AfterProcessingInitializeOnLoad (1ms)
			EditorAssembliesLoaded (0ms)
		ExecutionOrderSort2 (0ms)
		AwakeInstancesAfterBackupRestoration (8ms)
Refreshing native plugins compatible for Editor in 2.23 ms, found 3 plugins.
Preloading 0 native plugins for Editor in 0.00 ms.
Unloading 4071 Unused Serialized files (Serialized files now loaded: 0)
Unloading 42 unused Assets / (176.4 KB). Loaded Objects now: 4573.
Memory consumption went from 168.5 MB to 168.3 MB.
Total: 3.329125 ms (FindLiveObjects: 0.173583 ms CreateObjectMapping: 0.064334 ms MarkObjects: 2.905750 ms  DeleteObjects: 0.184000 ms)

Prepare: number of updated asset objects reloaded= 0
AssetImportParameters requested are different than current active one (requested -> active):
  custom:container-demuxer-ogg: 62fdf1f143b41e24485cea50d1cbac27 -> 
  custom:video-decoder-ogg-theora: a1e56fd34408186e4bbccfd4996cb3dc -> 
  custom:CustomObjectIndexerAttribute: 43b350a4d6e6d1791af0b5038c4bea17 -> 
  custom:container-demuxer-webm: 4f35f7cbe854078d1ac9338744f61a02 -> 
  custom:container-muxer-webm: aa71ff27fc2769a1b78a27578f13a17b -> 
  custom:video-decoder-webm-vp8: 9c59270c3fd7afecdb556c50c9e8de78 -> 
  custom:SearchIndexIgnoredProperties: e643bd26f0fe6173181afceb89e7c659 -> 
  custom:AudioImporter_EditorPlatform: 3918e3fc78b5a79bad01e8451be0beb8 -> 
  custom:framework-osx-AVFoundation: e770b220cccbd017edd2c1fefb359320 -> 
  custom:video-encoder-webm-vp8: eb34c28f22e8b96e1ab97ce403110664 -> 
  custom:audio-decoder-ogg-vorbis: bf7c407c2cedff20999df2af8eb42d56 -> 
  custom:audio-encoder-webm-vorbis: bf7c407c2cedff20999df2af8eb42d56 -> 
========================================================================
Received Prepare
Begin MonoManager ReloadAssembly
Thread 0x16de37000 may have been prematurely finalized
- Loaded All Assemblies, in  0.354 seconds
Refreshing native plugins compatible for Editor in 1.70 ms, found 3 plugins.
Native extension for OSXStandalone target not found
Native extension for WebGL target not found
[Package Manager] Server::EnsureServerProcessIsRunning -- launch failed, reason: Unity was launched with the -noUpm command-line argument
[Package Manager] UpmClient::Send -- Unable to send message (not connected to UPM process).
[Package Manager] Cannot connect to Unity Package Manager local server
Mono: successfully reloaded assembly
- Finished resetting the current domain, in  0.759 seconds
Domain Reload Profiling: 1113ms
	BeginReloadAssembly (114ms)
		ExecutionOrderSort (0ms)
		DisableScriptedObjects (8ms)
		BackupInstance (0ms)
		ReleaseScriptingObjects (0ms)
		CreateAndSetChildDomain (42ms)
	RebuildCommonClasses (24ms)
	RebuildNativeTypeToScriptingClass (8ms)
	initialDomainReloadingComplete (17ms)
	LoadAllAssembliesAndSetupDomain (191ms)
		LoadAssemblies (195ms)
		RebuildTransferFunctionScriptingTraits (0ms)
		AnalyzeDomain (32ms)
			TypeCache.Refresh (17ms)
				TypeCache.ScanAssembly (1ms)
			ScanForSourceGeneratedMonoScriptInfo (10ms)
			ResolveRequiredComponents (4ms)
	FinalizeReload (759ms)
		ReleaseScriptCaches (0ms)
		RebuildScriptCaches (0ms)
		SetupLoadedEditorAssemblies (253ms)
			LogAssemblyErrors (0ms)
			InitializePlatformSupportModulesInManaged (3ms)
			SetLoadedEditorAssemblies (3ms)
			RefreshPlugins (0ms)
			BeforeProcessingInitializeOnLoad (43ms)
			ProcessInitializeOnLoadAttributes (184ms)
			ProcessInitializeOnLoadMethodAttributes (18ms)
			AfterProcessingInitializeOnLoad (2ms)
			EditorAssembliesLoaded (0ms)
		ExecutionOrderSort2 (0ms)
		AwakeInstancesAfterBackupRestoration (6ms)
Refreshing native plugins compatible for Editor in 1.52 ms, found 3 plugins.
Preloading 0 native plugins for Editor in 0.00 ms.
Unloading 4072 Unused Serialized files (Serialized files now loaded: 0)
Unloading 42 unused Assets / (176.6 KB). Loaded Objects now: 4577.
Memory consumption went from 175.8 MB to 175.6 MB.
Total: 2.766500 ms (FindLiveObjects: 0.153583 ms CreateObjectMapping: 0.086417 ms MarkObjects: 2.381125 ms  DeleteObjects: 0.144667 ms)

Prepare: number of updated asset objects reloaded= 0
AssetImportParameters requested are different than current active one (requested -> active):
  custom:container-demuxer-ogg: 62fdf1f143b41e24485cea50d1cbac27 -> 
  custom:video-decoder-ogg-theora: a1e56fd34408186e4bbccfd4996cb3dc -> 
  custom:CustomObjectIndexerAttribute: 43b350a4d6e6d1791af0b5038c4bea17 -> 
  custom:container-demuxer-webm: 4f35f7cbe854078d1ac9338744f61a02 -> 
  custom:container-muxer-webm: aa71ff27fc2769a1b78a27578f13a17b -> 
  custom:video-decoder-webm-vp8: 9c59270c3fd7afecdb556c50c9e8de78 -> 
  custom:SearchIndexIgnoredProperties: e643bd26f0fe6173181afceb89e7c659 -> 
  custom:AudioImporter_EditorPlatform: 3918e3fc78b5a79bad01e8451be0beb8 -> 
  custom:framework-osx-AVFoundation: e770b220cccbd017edd2c1fefb359320 -> 
  custom:video-encoder-webm-vp8: eb34c28f22e8b96e1ab97ce403110664 -> 
  custom:audio-decoder-ogg-vorbis: bf7c407c2cedff20999df2af8eb42d56 -> 
  custom:audio-encoder-webm-vorbis: bf7c407c2cedff20999df2af8eb42d56 -> 
========================================================================
Received Import Request.
  Time since last request: 212.038399 seconds.
  path: Assets/Sprites/Background/Background tile.prefab
  artifactKey: Guid(33241def51bf743d2a16223d5da54068) Importer(815301076,1909f56bfc062723c751e8b465ee728b)
Start importing Assets/Sprites/Background/Background tile.prefab using Guid(33241def51bf743d2a16223d5da54068) Importer(815301076,1909f56bfc062723c751e8b465ee728b)  -> (artifact id: 'f00ba7bffc93e3dfb43d42f2bcc0db96') in 0.083235 seconds
Number of updated asset objects reloaded before import = 0
Number of asset objects unloaded after import = 435
========================================================================
Received Prepare
Begin MonoManager ReloadAssembly
Thread 0x16d833000 may have been prematurely finalized
- Loaded All Assemblies, in  0.408 seconds
Refreshing native plugins compatible for Editor in 1.32 ms, found 3 plugins.
Native extension for OSXStandalone target not found
Native extension for WebGL target not found
[Package Manager] Server::EnsureServerProcessIsRunning -- launch failed, reason: Unity was launched with the -noUpm command-line argument
[Package Manager] UpmClient::Send -- Unable to send message (not connected to UPM process).
[Package Manager] Cannot connect to Unity Package Manager local server
Mono: successfully reloaded assembly
- Finished resetting the current domain, in  0.785 seconds
Domain Reload Profiling: 1193ms
	BeginReloadAssembly (123ms)
		ExecutionOrderSort (0ms)
		DisableScriptedObjects (7ms)
		BackupInstance (0ms)
		ReleaseScriptingObjects (0ms)
		CreateAndSetChildDomain (59ms)
	RebuildCommonClasses (23ms)
	RebuildNativeTypeToScriptingClass (8ms)
	initialDomainReloadingComplete (15ms)
	LoadAllAssembliesAndSetupDomain (238ms)
		LoadAssemblies (235ms)
		RebuildTransferFunctionScriptingTraits (0ms)
		AnalyzeDomain (36ms)
			TypeCache.Refresh (13ms)
				TypeCache.ScanAssembly (1ms)
			ScanForSourceGeneratedMonoScriptInfo (18ms)
			ResolveRequiredComponents (4ms)
	FinalizeReload (786ms)
		ReleaseScriptCaches (0ms)
		RebuildScriptCaches (0ms)
		SetupLoadedEditorAssemblies (247ms)
			LogAssemblyErrors (0ms)
			InitializePlatformSupportModulesInManaged (2ms)
			SetLoadedEditorAssemblies (3ms)
			RefreshPlugins (0ms)
			BeforeProcessingInitializeOnLoad (39ms)
			ProcessInitializeOnLoadAttributes (183ms)
			ProcessInitializeOnLoadMethodAttributes (18ms)
			AfterProcessingInitializeOnLoad (1ms)
			EditorAssembliesLoaded (0ms)
		ExecutionOrderSort2 (0ms)
		AwakeInstancesAfterBackupRestoration (7ms)
Refreshing native plugins compatible for Editor in 1.36 ms, found 3 plugins.
Preloading 0 native plugins for Editor in 0.00 ms.
Unloading 4071 Unused Serialized files (Serialized files now loaded: 0)
Unloading 42 unused Assets / (176.5 KB). Loaded Objects now: 4581.
Memory consumption went from 183.0 MB to 182.9 MB.
Total: 2.660166 ms (FindLiveObjects: 0.119792 ms CreateObjectMapping: 0.051125 ms MarkObjects: 2.340958 ms  DeleteObjects: 0.147625 ms)

Prepare: number of updated asset objects reloaded= 0
AssetImportParameters requested are different than current active one (requested -> active):
  custom:container-demuxer-ogg: 62fdf1f143b41e24485cea50d1cbac27 -> 
  custom:video-decoder-ogg-theora: a1e56fd34408186e4bbccfd4996cb3dc -> 
  custom:CustomObjectIndexerAttribute: 43b350a4d6e6d1791af0b5038c4bea17 -> 
  custom:container-demuxer-webm: 4f35f7cbe854078d1ac9338744f61a02 -> 
  custom:container-muxer-webm: aa71ff27fc2769a1b78a27578f13a17b -> 
  custom:video-decoder-webm-vp8: 9c59270c3fd7afecdb556c50c9e8de78 -> 
  custom:SearchIndexIgnoredProperties: e643bd26f0fe6173181afceb89e7c659 -> 
  custom:AudioImporter_EditorPlatform: 3918e3fc78b5a79bad01e8451be0beb8 -> 
  custom:framework-osx-AVFoundation: e770b220cccbd017edd2c1fefb359320 -> 
  custom:video-encoder-webm-vp8: eb34c28f22e8b96e1ab97ce403110664 -> 
  custom:audio-decoder-ogg-vorbis: bf7c407c2cedff20999df2af8eb42d56 -> 
  custom:audio-encoder-webm-vorbis: bf7c407c2cedff20999df2af8eb42d56 -> 
========================================================================
Received Prepare
Begin MonoManager ReloadAssembly
Thread 0x16d833000 may have been prematurely finalized
- Loaded All Assemblies, in  0.259 seconds
Refreshing native plugins compatible for Editor in 1.38 ms, found 3 plugins.
Native extension for OSXStandalone target not found
Native extension for WebGL target not found
[Package Manager] Server::EnsureServerProcessIsRunning -- launch failed, reason: Unity was launched with the -noUpm command-line argument
[Package Manager] UpmClient::Send -- Unable to send message (not connected to UPM process).
[Package Manager] Cannot connect to Unity Package Manager local server
Mono: successfully reloaded assembly
- Finished resetting the current domain, in  0.481 seconds
Domain Reload Profiling: 740ms
	BeginReloadAssembly (87ms)
		ExecutionOrderSort (0ms)
		DisableScriptedObjects (6ms)
		BackupInstance (0ms)
		ReleaseScriptingObjects (0ms)
		CreateAndSetChildDomain (29ms)
	RebuildCommonClasses (24ms)
	RebuildNativeTypeToScriptingClass (8ms)
	initialDomainReloadingComplete (14ms)
	LoadAllAssembliesAndSetupDomain (126ms)
		LoadAssemblies (146ms)
		RebuildTransferFunctionScriptingTraits (0ms)
		AnalyzeDomain (10ms)
			TypeCache.Refresh (6ms)
				TypeCache.ScanAssembly (0ms)
			ScanForSourceGeneratedMonoScriptInfo (0ms)
			ResolveRequiredComponents (4ms)
	FinalizeReload (481ms)
		ReleaseScriptCaches (0ms)
		RebuildScriptCaches (0ms)
		SetupLoadedEditorAssemblies (257ms)
			LogAssemblyErrors (0ms)
			InitializePlatformSupportModulesInManaged (3ms)
			SetLoadedEditorAssemblies (4ms)
			RefreshPlugins (0ms)
			BeforeProcessingInitializeOnLoad (44ms)
			ProcessInitializeOnLoadAttributes (187ms)
			ProcessInitializeOnLoadMethodAttributes (19ms)
			AfterProcessingInitializeOnLoad (1ms)
			EditorAssembliesLoaded (0ms)
		ExecutionOrderSort2 (0ms)
		AwakeInstancesAfterBackupRestoration (6ms)
Refreshing native plugins compatible for Editor in 1.47 ms, found 3 plugins.
Preloading 0 native plugins for Editor in 0.00 ms.
Unloading 4072 Unused Serialized files (Serialized files now loaded: 0)
Unloading 42 unused Assets / (176.8 KB). Loaded Objects now: 4585.
Memory consumption went from 190.3 MB to 190.1 MB.
Total: 2.762166 ms (FindLiveObjects: 0.135292 ms CreateObjectMapping: 0.052000 ms MarkObjects: 2.435125 ms  DeleteObjects: 0.139291 ms)

Prepare: number of updated asset objects reloaded= 0
AssetImportParameters requested are different than current active one (requested -> active):
  custom:container-demuxer-ogg: 62fdf1f143b41e24485cea50d1cbac27 -> 
  custom:video-decoder-ogg-theora: a1e56fd34408186e4bbccfd4996cb3dc -> 
  custom:CustomObjectIndexerAttribute: 43b350a4d6e6d1791af0b5038c4bea17 -> 
  custom:container-demuxer-webm: 4f35f7cbe854078d1ac9338744f61a02 -> 
  custom:container-muxer-webm: aa71ff27fc2769a1b78a27578f13a17b -> 
  custom:video-decoder-webm-vp8: 9c59270c3fd7afecdb556c50c9e8de78 -> 
  custom:SearchIndexIgnoredProperties: e643bd26f0fe6173181afceb89e7c659 -> 
  custom:AudioImporter_EditorPlatform: 3918e3fc78b5a79bad01e8451be0beb8 -> 
  custom:framework-osx-AVFoundation: e770b220cccbd017edd2c1fefb359320 -> 
  custom:video-encoder-webm-vp8: eb34c28f22e8b96e1ab97ce403110664 -> 
  custom:audio-decoder-ogg-vorbis: bf7c407c2cedff20999df2af8eb42d56 -> 
  custom:audio-encoder-webm-vorbis: bf7c407c2cedff20999df2af8eb42d56 -> 
========================================================================
Received Prepare
Begin MonoManager ReloadAssembly
Thread 0x16d7a7000 may have been prematurely finalized
- Loaded All Assemblies, in  0.335 seconds
Refreshing native plugins compatible for Editor in 1.51 ms, found 3 plugins.
Native extension for OSXStandalone target not found
Native extension for WebGL target not found
[Package Manager] Server::EnsureServerProcessIsRunning -- launch failed, reason: Unity was launched with the -noUpm command-line argument
[Package Manager] UpmClient::Send -- Unable to send message (not connected to UPM process).
[Package Manager] Cannot connect to Unity Package Manager local server
Mono: successfully reloaded assembly
- Finished resetting the current domain, in  0.870 seconds
Domain Reload Profiling: 1205ms
	BeginReloadAssembly (121ms)
		ExecutionOrderSort (0ms)
		DisableScriptedObjects (8ms)
		BackupInstance (0ms)
		ReleaseScriptingObjects (0ms)
		CreateAndSetChildDomain (54ms)
	RebuildCommonClasses (23ms)
	RebuildNativeTypeToScriptingClass (8ms)
	initialDomainReloadingComplete (16ms)
	LoadAllAssembliesAndSetupDomain (166ms)
		LoadAssemblies (186ms)
		RebuildTransferFunctionScriptingTraits (0ms)
		AnalyzeDomain (15ms)
			TypeCache.Refresh (9ms)
				TypeCache.ScanAssembly (0ms)
			ScanForSourceGeneratedMonoScriptInfo (0ms)
			ResolveRequiredComponents (4ms)
	FinalizeReload (870ms)
		ReleaseScriptCaches (0ms)
		RebuildScriptCaches (0ms)
		SetupLoadedEditorAssemblies (264ms)
			LogAssemblyErrors (0ms)
			InitializePlatformSupportModulesInManaged (3ms)
			SetLoadedEditorAssemblies (4ms)
			RefreshPlugins (0ms)
			BeforeProcessingInitializeOnLoad (48ms)
			ProcessInitializeOnLoadAttributes (189ms)
			ProcessInitializeOnLoadMethodAttributes (20ms)
			AfterProcessingInitializeOnLoad (1ms)
			EditorAssembliesLoaded (0ms)
		ExecutionOrderSort2 (0ms)
		AwakeInstancesAfterBackupRestoration (6ms)
Refreshing native plugins compatible for Editor in 1.52 ms, found 3 plugins.
Preloading 0 native plugins for Editor in 0.00 ms.
Unloading 4072 Unused Serialized files (Serialized files now loaded: 0)
Unloading 42 unused Assets / (177.8 KB). Loaded Objects now: 4589.
Memory consumption went from 197.3 MB to 197.1 MB.
Total: 2.829791 ms (FindLiveObjects: 0.144666 ms CreateObjectMapping: 0.050875 ms MarkObjects: 2.500041 ms  DeleteObjects: 0.133583 ms)

Prepare: number of updated asset objects reloaded= 0
AssetImportParameters requested are different than current active one (requested -> active):
  custom:container-demuxer-ogg: 62fdf1f143b41e24485cea50d1cbac27 -> 
  custom:video-decoder-ogg-theora: a1e56fd34408186e4bbccfd4996cb3dc -> 
  custom:CustomObjectIndexerAttribute: 43b350a4d6e6d1791af0b5038c4bea17 -> 
  custom:container-demuxer-webm: 4f35f7cbe854078d1ac9338744f61a02 -> 
  custom:container-muxer-webm: aa71ff27fc2769a1b78a27578f13a17b -> 
  custom:video-decoder-webm-vp8: 9c59270c3fd7afecdb556c50c9e8de78 -> 
  custom:SearchIndexIgnoredProperties: e643bd26f0fe6173181afceb89e7c659 -> 
  custom:AudioImporter_EditorPlatform: 3918e3fc78b5a79bad01e8451be0beb8 -> 
  custom:framework-osx-AVFoundation: e770b220cccbd017edd2c1fefb359320 -> 
  custom:video-encoder-webm-vp8: eb34c28f22e8b96e1ab97ce403110664 -> 
  custom:audio-decoder-ogg-vorbis: bf7c407c2cedff20999df2af8eb42d56 -> 
  custom:audio-encoder-webm-vorbis: bf7c407c2cedff20999df2af8eb42d56 -> 
========================================================================
Received Prepare
Begin MonoManager ReloadAssembly
Thread 0x16d7a7000 may have been prematurely finalized
- Loaded All Assemblies, in  0.319 seconds
Refreshing native plugins compatible for Editor in 1.33 ms, found 3 plugins.
Native extension for OSXStandalone target not found
Native extension for WebGL target not found
[Package Manager] Server::EnsureServerProcessIsRunning -- launch failed, reason: Unity was launched with the -noUpm command-line argument
[Package Manager] UpmClient::Send -- Unable to send message (not connected to UPM process).
[Package Manager] Cannot connect to Unity Package Manager local server
Mono: successfully reloaded assembly
- Finished resetting the current domain, in  0.837 seconds
Domain Reload Profiling: 1156ms
	BeginReloadAssembly (117ms)
		ExecutionOrderSort (0ms)
		DisableScriptedObjects (11ms)
		BackupInstance (0ms)
		ReleaseScriptingObjects (0ms)
		CreateAndSetChildDomain (42ms)
	RebuildCommonClasses (23ms)
	RebuildNativeTypeToScriptingClass (8ms)
	initialDomainReloadingComplete (15ms)
	LoadAllAssembliesAndSetupDomain (155ms)
		LoadAssemblies (179ms)
		RebuildTransferFunctionScriptingTraits (0ms)
		AnalyzeDomain (11ms)
			TypeCache.Refresh (6ms)
				TypeCache.ScanAssembly (0ms)
			ScanForSourceGeneratedMonoScriptInfo (0ms)
			ResolveRequiredComponents (4ms)
	FinalizeReload (837ms)
		ReleaseScriptCaches (0ms)
		RebuildScriptCaches (0ms)
		SetupLoadedEditorAssemblies (258ms)
			LogAssemblyErrors (0ms)
			InitializePlatformSupportModulesInManaged (3ms)
			SetLoadedEditorAssemblies (4ms)
			RefreshPlugins (0ms)
			BeforeProcessingInitializeOnLoad (42ms)
			ProcessInitializeOnLoadAttributes (188ms)
			ProcessInitializeOnLoadMethodAttributes (20ms)
			AfterProcessingInitializeOnLoad (1ms)
			EditorAssembliesLoaded (0ms)
		ExecutionOrderSort2 (0ms)
		AwakeInstancesAfterBackupRestoration (6ms)
Refreshing native plugins compatible for Editor in 1.55 ms, found 3 plugins.
Preloading 0 native plugins for Editor in 0.00 ms.
Unloading 4072 Unused Serialized files (Serialized files now loaded: 0)
Unloading 42 unused Assets / (176.7 KB). Loaded Objects now: 4593.
Memory consumption went from 204.3 MB to 204.1 MB.
Total: 3.004167 ms (FindLiveObjects: 0.144084 ms CreateObjectMapping: 0.051083 ms MarkObjects: 2.649458 ms  DeleteObjects: 0.158958 ms)

Prepare: number of updated asset objects reloaded= 0
AssetImportParameters requested are different than current active one (requested -> active):
  custom:container-demuxer-ogg: 62fdf1f143b41e24485cea50d1cbac27 -> 
  custom:video-decoder-ogg-theora: a1e56fd34408186e4bbccfd4996cb3dc -> 
  custom:CustomObjectIndexerAttribute: 43b350a4d6e6d1791af0b5038c4bea17 -> 
  custom:container-demuxer-webm: 4f35f7cbe854078d1ac9338744f61a02 -> 
  custom:container-muxer-webm: aa71ff27fc2769a1b78a27578f13a17b -> 
  custom:video-decoder-webm-vp8: 9c59270c3fd7afecdb556c50c9e8de78 -> 
  custom:SearchIndexIgnoredProperties: e643bd26f0fe6173181afceb89e7c659 -> 
  custom:AudioImporter_EditorPlatform: 3918e3fc78b5a79bad01e8451be0beb8 -> 
  custom:framework-osx-AVFoundation: e770b220cccbd017edd2c1fefb359320 -> 
  custom:video-encoder-webm-vp8: eb34c28f22e8b96e1ab97ce403110664 -> 
  custom:audio-decoder-ogg-vorbis: bf7c407c2cedff20999df2af8eb42d56 -> 
  custom:audio-encoder-webm-vorbis: bf7c407c2cedff20999df2af8eb42d56 -> 
========================================================================
Received Prepare
Begin MonoManager ReloadAssembly
Thread 0x16d7a7000 may have been prematurely finalized
- Loaded All Assemblies, in  0.293 seconds
Refreshing native plugins compatible for Editor in 1.36 ms, found 3 plugins.
Native extension for OSXStandalone target not found
Native extension for WebGL target not found
[Package Manager] Server::EnsureServerProcessIsRunning -- launch failed, reason: Unity was launched with the -noUpm command-line argument
[Package Manager] UpmClient::Send -- Unable to send message (not connected to UPM process).
[Package Manager] Cannot connect to Unity Package Manager local server
Mono: successfully reloaded assembly
- Finished resetting the current domain, in  0.781 seconds
Domain Reload Profiling: 1074ms
	BeginReloadAssembly (103ms)
		ExecutionOrderSort (0ms)
		DisableScriptedObjects (7ms)
		BackupInstance (0ms)
		ReleaseScriptingObjects (0ms)
		CreateAndSetChildDomain (41ms)
	RebuildCommonClasses (24ms)
	RebuildNativeTypeToScriptingClass (9ms)
	initialDomainReloadingComplete (16ms)
	LoadAllAssembliesAndSetupDomain (141ms)
		LoadAssemblies (160ms)
		RebuildTransferFunctionScriptingTraits (0ms)
		AnalyzeDomain (12ms)
			TypeCache.Refresh (6ms)
				TypeCache.ScanAssembly (0ms)
			ScanForSourceGeneratedMonoScriptInfo (0ms)
			ResolveRequiredComponents (5ms)
	FinalizeReload (781ms)
		ReleaseScriptCaches (0ms)
		RebuildScriptCaches (0ms)
		SetupLoadedEditorAssemblies (255ms)
			LogAssemblyErrors (0ms)
			InitializePlatformSupportModulesInManaged (4ms)
			SetLoadedEditorAssemblies (4ms)
			RefreshPlugins (0ms)
			BeforeProcessingInitializeOnLoad (43ms)
			ProcessInitializeOnLoadAttributes (187ms)
			ProcessInitializeOnLoadMethodAttributes (18ms)
			AfterProcessingInitializeOnLoad (1ms)
			EditorAssembliesLoaded (0ms)
		ExecutionOrderSort2 (0ms)
		AwakeInstancesAfterBackupRestoration (6ms)
Refreshing native plugins compatible for Editor in 1.76 ms, found 3 plugins.
Preloading 0 native plugins for Editor in 0.00 ms.
Unloading 4072 Unused Serialized files (Serialized files now loaded: 0)
Unloading 42 unused Assets / (177.8 KB). Loaded Objects now: 4597.
Memory consumption went from 211.3 MB to 211.1 MB.
Total: 2.593416 ms (FindLiveObjects: 0.145000 ms CreateObjectMapping: 0.051042 ms MarkObjects: 2.268584 ms  DeleteObjects: 0.128250 ms)

Prepare: number of updated asset objects reloaded= 0
AssetImportParameters requested are different than current active one (requested -> active):
  custom:container-demuxer-ogg: 62fdf1f143b41e24485cea50d1cbac27 -> 
  custom:video-decoder-ogg-theora: a1e56fd34408186e4bbccfd4996cb3dc -> 
  custom:CustomObjectIndexerAttribute: 43b350a4d6e6d1791af0b5038c4bea17 -> 
  custom:container-demuxer-webm: 4f35f7cbe854078d1ac9338744f61a02 -> 
  custom:container-muxer-webm: aa71ff27fc2769a1b78a27578f13a17b -> 
  custom:video-decoder-webm-vp8: 9c59270c3fd7afecdb556c50c9e8de78 -> 
  custom:SearchIndexIgnoredProperties: e643bd26f0fe6173181afceb89e7c659 -> 
  custom:AudioImporter_EditorPlatform: 3918e3fc78b5a79bad01e8451be0beb8 -> 
  custom:framework-osx-AVFoundation: e770b220cccbd017edd2c1fefb359320 -> 
  custom:video-encoder-webm-vp8: eb34c28f22e8b96e1ab97ce403110664 -> 
  custom:audio-decoder-ogg-vorbis: bf7c407c2cedff20999df2af8eb42d56 -> 
  custom:audio-encoder-webm-vorbis: bf7c407c2cedff20999df2af8eb42d56 -> 
